2023-10-20 16:35:19,165 INFO m.ApplicationManager [ApplicationManager.java:23] open page: https://telranedu.web.app/home
2023-10-20 16:35:19,361 INFO m.TestNGListener [TestNGListener.java:50] start test - onstart - : Gradle test
2023-10-20 16:35:19,394 INFO m.WDListener [WDListener.java:49] navigate to: https://telranedu.web.app/home
2023-10-20 16:35:19,488 INFO m.WDListener [WDListener.java:55] navigate to: https://telranedu.web.app/home
2023-10-20 16:35:19,628 INFO m.BaseHelper [BaseHelper.java:22] search element by locator: By.xpath: //a[@href='/login']
2023-10-20 16:35:19,628 INFO m.WDListener [WDListener.java:92] before find element: By.xpath: //a[@href='/login']
2023-10-20 16:35:19,683 INFO m.WDListener [WDListener.java:98] element found success: By.xpath: //a[@href='/login']
2023-10-20 16:35:19,695 INFO m.WDListener [WDListener.java:104] start method click
2023-10-20 16:35:19,799 INFO m.WDListener [WDListener.java:110] done method click
2023-10-20 16:35:19,828 INFO t.BaseTests [BaseTests.java:30] ----------------------------------------------------------------------------------
2023-10-20 16:35:19,829 INFO t.BaseTests [BaseTests.java:31] started method: negativeWrongPasswordNoDigits
2023-10-20 16:35:19,829 INFO t.BaseTests [BaseTests.java:32] started method with params: []
2023-10-20 16:35:19,831 INFO m.TestNGListener [TestNGListener.java:15] started test: negativeWrongPasswordNoDigits
2023-10-20 16:35:19,835 INFO m.BaseHelper [BaseHelper.java:22] search element by locator: By.xpath: //input[@name='email']
2023-10-20 16:35:19,836 INFO m.WDListener [WDListener.java:92] before find element: By.xpath: //input[@name='email']
2023-10-20 16:35:19,877 INFO m.WDListener [WDListener.java:98] element found success: By.xpath: //input[@name='email']
2023-10-20 16:35:19,879 INFO m.WDListener [WDListener.java:104] start method click
2023-10-20 16:35:19,997 INFO m.WDListener [WDListener.java:110] done method click
2023-10-20 16:35:20,209 INFO m.BaseHelper [BaseHelper.java:22] search element by locator: By.xpath: //input[@name='password']
2023-10-20 16:35:20,211 INFO m.WDListener [WDListener.java:92] before find element: By.xpath: //input[@name='password']
2023-10-20 16:35:20,239 INFO m.WDListener [WDListener.java:98] element found success: By.xpath: //input[@name='password']
2023-10-20 16:35:20,241 INFO m.WDListener [WDListener.java:104] start method click
2023-10-20 16:35:20,318 INFO m.WDListener [WDListener.java:110] done method click
2023-10-20 16:35:20,444 INFO m.BaseHelper [BaseHelper.java:22] search element by locator: By.xpath: //button[@name='login']
2023-10-20 16:35:20,446 INFO m.WDListener [WDListener.java:92] before find element: By.xpath: //button[@name='login']
2023-10-20 16:35:20,471 INFO m.WDListener [WDListener.java:98] element found success: By.xpath: //button[@name='login']
2023-10-20 16:35:20,472 INFO m.WDListener [WDListener.java:104] start method click
2023-10-20 16:35:20,539 INFO m.WDListener [WDListener.java:110] done method click
2023-10-20 16:35:21,620 INFO m.TestNGListener [TestNGListener.java:21] test success: negativeWrongPasswordNoDigits
2023-10-20 16:35:21,622 INFO t.BaseTests [BaseTests.java:37] stopped method: negativeWrongPasswordNoDigits
2023-10-20 16:35:21,623 INFO t.BaseTests [BaseTests.java:38] stopped method with params: []
2023-10-20 16:35:21,629 INFO t.BaseTests [BaseTests.java:30] ----------------------------------------------------------------------------------
2023-10-20 16:35:21,630 INFO t.BaseTests [BaseTests.java:31] started method: negativeWrongPasswordNoLetters
2023-10-20 16:35:21,632 INFO t.BaseTests [BaseTests.java:32] started method with params: []
2023-10-20 16:35:21,633 INFO m.TestNGListener [TestNGListener.java:15] started test: negativeWrongPasswordNoLetters
2023-10-20 16:35:21,636 INFO m.BaseHelper [BaseHelper.java:22] search element by locator: By.xpath: //input[@name='email']
2023-10-20 16:35:21,639 INFO m.WDListener [WDListener.java:92] before find element: By.xpath: //input[@name='email']
2023-10-20 16:35:21,652 INFO m.WDListener [WDListener.java:148] start on exception in WDListener class
2023-10-20 16:35:21,653 INFO m.WDListener [WDListener.java:150] created name for the screenshot: src/test/screenshots/screenshot-2023-10-20:35:21.png
2023-10-20 16:35:21,656 ERROR m.WDListener [WDListener.java:151] unexpected alert open: {Alert text : Wrong email or password}
  (Session info: chrome=118.0.5993.89): Wrong email or password
Build info: version: '3.141.59', revision: 'e82be7d358', time: '2018-11-14T08:17:03'
System info: host: 'LAPTOP-259RB9PK', ip: '192.168.1.58', os.name: 'Windows 11', os.arch: 'amd64', os.version: '10.0', java.version: '1.8.0_333'
Driver info: org.openqa.selenium.chrome.ChromeDriver
Capabilities {acceptInsecureCerts: false, browserName: chrome, browserVersion: 118.0.5993.89, chrome: {chromedriverVersion: 118.0.5993.70 (e52f33f30b91..., userDataDir: C:\Users\lzhol\AppData\Loca...}, fedcm:accounts: true, goog:chromeOptions: {debuggerAddress: localhost:65383}, javascriptEnabled: true, networkConnectionEnabled: false, pageLoadStrategy: normal, platform: WINDOWS, platformName: WINDOWS, proxy: Proxy(), setWindowRect: true, strictFileInteractability: false, timeouts: {implicit: 0, pageLoad: 300000, script: 30000}, unhandledPromptBehavior: dismiss and notify, webauthn:extension:credBlob: true, webauthn:extension:largeBlob: true, webauthn:extension:minPinLength: true, webauthn:extension:prf: true, webauthn:virtualAuthenticators: true}
Session ID: 00d342a055f63a872a7ea251d5a955a3
*** Element info: {Using=xpath, value=//input[@name='email']}
2023-10-20 16:35:21,657 ERROR m.WDListener [WDListener.java:152] [org.openqa.selenium.remote.http.W3CHttpResponseCodec.decode(W3CHttpResponseCodec.java:120), org.openqa.selenium.remote.http.W3CHttpResponseCodec.decode(W3CHttpResponseCodec.java:49), org.openqa.selenium.remote.HttpCommandExecutor.execute(HttpCommandExecutor.java:158), org.openqa.selenium.remote.service.DriverCommandExecutor.execute(DriverCommandExecutor.java:83), org.openqa.selenium.remote.RemoteWebDriver.execute(RemoteWebDriver.java:552), org.openqa.selenium.remote.RemoteWebDriver.findElement(RemoteWebDriver.java:323), org.openqa.selenium.remote.RemoteWebDriver.findElementByXPath(RemoteWebDriver.java:428), org.openqa.selenium.By$ByXPath.findElement(By.java:353), org.openqa.selenium.remote.RemoteWebDriver.findElement(RemoteWebDriver.java:315), sun.reflect.NativeMethodAccessorImpl.invoke0(Native Method), sun.reflect.NativeMethodAccessorImpl.invoke(NativeMethodAccessorImpl.java:62), sun.reflect.DelegatingMethodAccessorImpl.invoke(DelegatingMethodAccessorImpl.java:43), java.lang.reflect.Method.invoke(Method.java:498), org.openqa.selenium.support.events.EventFiringWebDriver.lambda$new$1(EventFiringWebDriver.java:105), com.sun.proxy.$Proxy15.findElement(Unknown Source), org.openqa.selenium.support.events.EventFiringWebDriver.findElement(EventFiringWebDriver.java:194), manager.BaseHelper.findElementBase(BaseHelper.java:24), manager.BaseHelper.typeTextBase(BaseHelper.java:43), manager.UserHelper.fillLoginUserDtoLombok(UserHelper.java:44), tests.LoginTests.negativeWrongPasswordNoLetters(LoginTests.java:98), sun.reflect.NativeMethodAccessorImpl.invoke0(Native Method), sun.reflect.NativeMethodAccessorImpl.invoke(NativeMethodAccessorImpl.java:62), sun.reflect.DelegatingMethodAccessorImpl.invoke(DelegatingMethodAccessorImpl.java:43), java.lang.reflect.Method.invoke(Method.java:498), org.testng.internal.MethodInvocationHelper.invokeMethod(MethodInvocationHelper.java:133), org.testng.internal.TestInvoker.invokeMethod(TestInvoker.java:598), org.testng.internal.TestInvoker.invokeTestMethod(TestInvoker.java:173), org.testng.internal.MethodRunner.runInSequence(MethodRunner.java:46), org.testng.internal.TestInvoker$MethodInvocationAgent.invoke(TestInvoker.java:824), org.testng.internal.TestInvoker.invokeTestMethods(TestInvoker.java:146), org.testng.internal.TestMethodWorker.invokeTestMethods(TestMethodWorker.java:146), org.testng.internal.TestMethodWorker.run(TestMethodWorker.java:128), java.util.ArrayList.forEach(ArrayList.java:1259), org.testng.TestRunner.privateRun(TestRunner.java:794), org.testng.TestRunner.run(TestRunner.java:596), org.testng.SuiteRunner.runTest(SuiteRunner.java:377), org.testng.SuiteRunner.runSequentially(SuiteRunner.java:371), org.testng.SuiteRunner.privateRun(SuiteRunner.java:332), org.testng.SuiteRunner.run(SuiteRunner.java:276), org.testng.SuiteRunnerWorker.runSuite(SuiteRunnerWorker.java:53), org.testng.SuiteRunnerWorker.run(SuiteRunnerWorker.java:96), org.testng.TestNG.runSuitesSequentially(TestNG.java:1212), org.testng.TestNG.runSuitesLocally(TestNG.java:1134), org.testng.TestNG.runSuites(TestNG.java:1063), org.testng.TestNG.run(TestNG.java:1031), org.gradle.api.internal.tasks.testing.testng.TestNGTestClassProcessor.runTests(TestNGTestClassProcessor.java:141), org.gradle.api.internal.tasks.testing.testng.TestNGTestClassProcessor.stop(TestNGTestClassProcessor.java:90), org.gradle.api.internal.tasks.testing.SuiteTestClassProcessor.stop(SuiteTestClassProcessor.java:61), sun.reflect.NativeMethodAccessorImpl.invoke0(Native Method), sun.reflect.NativeMethodAccessorImpl.invoke(NativeMethodAccessorImpl.java:62), sun.reflect.DelegatingMethodAccessorImpl.invoke(DelegatingMethodAccessorImpl.java:43), java.lang.reflect.Method.invoke(Method.java:498), org.gradle.internal.dispatch.ReflectionDispatch.dispatch(ReflectionDispatch.java:36), org.gradle.internal.dispatch.ReflectionDispatch.dispatch(ReflectionDispatch.java:24), org.gradle.internal.dispatch.ContextClassLoaderDispatch.dispatch(ContextClassLoaderDispatch.java:33), org.gradle.internal.dispatch.ProxyDispatchAdapter$DispatchingInvocationHandler.invoke(ProxyDispatchAdapter.java:94), com.sun.proxy.$Proxy2.stop(Unknown Source), org.gradle.api.internal.tasks.testing.worker.TestWorker$3.run(TestWorker.java:193), org.gradle.api.internal.tasks.testing.worker.TestWorker.executeAndMaintainThreadName(TestWorker.java:129), org.gradle.api.internal.tasks.testing.worker.TestWorker.execute(TestWorker.java:100), org.gradle.api.internal.tasks.testing.worker.TestWorker.execute(TestWorker.java:60), org.gradle.process.internal.worker.child.ActionExecutionWorker.execute(ActionExecutionWorker.java:56), org.gradle.process.internal.worker.child.SystemApplicationClassLoaderWorker.call(SystemApplicationClassLoaderWorker.java:133), org.gradle.process.internal.worker.child.SystemApplicationClassLoaderWorker.call(SystemApplicationClassLoaderWorker.java:71), worker.org.gradle.process.internal.worker.GradleWorkerMain.run(GradleWorkerMain.java:69), worker.org.gradle.process.internal.worker.GradleWorkerMain.main(GradleWorkerMain.java:74)]
2023-10-20 16:35:21,658 ERROR m.WDListener [WDListener.java:153] org.openqa.selenium.UnhandledAlertException: unexpected alert open: {Alert text : Wrong email or password}
  (Session info: chrome=118.0.5993.89): Wrong email or password
Build info: version: '3.141.59', revision: 'e82be7d358', time: '2018-11-14T08:17:03'
System info: host: 'LAPTOP-259RB9PK', ip: '192.168.1.58', os.name: 'Windows 11', os.arch: 'amd64', os.version: '10.0', java.version: '1.8.0_333'
Driver info: org.openqa.selenium.chrome.ChromeDriver
Capabilities {acceptInsecureCerts: false, browserName: chrome, browserVersion: 118.0.5993.89, chrome: {chromedriverVersion: 118.0.5993.70 (e52f33f30b91..., userDataDir: C:\Users\lzhol\AppData\Loca...}, fedcm:accounts: true, goog:chromeOptions: {debuggerAddress: localhost:65383}, javascriptEnabled: true, networkConnectionEnabled: false, pageLoadStrategy: normal, platform: WINDOWS, platformName: WINDOWS, proxy: Proxy(), setWindowRect: true, strictFileInteractability: false, timeouts: {implicit: 0, pageLoad: 300000, script: 30000}, unhandledPromptBehavior: dismiss and notify, webauthn:extension:credBlob: true, webauthn:extension:largeBlob: true, webauthn:extension:minPinLength: true, webauthn:extension:prf: true, webauthn:virtualAuthenticators: true}
Session ID: 00d342a055f63a872a7ea251d5a955a3
*** Element info: {Using=xpath, value=//input[@name='email']}
2023-10-20 16:35:22,336 ERROR m.WDListener [WDListener.java:165] got an exception for adding screenshot to the folder: src\test\screenshots\screenshot-2023-10-20:35:21.png (The filename, directory name, or volume label syntax is incorrect)
2023-10-20 16:35:22,338 INFO m.TestNGListener [TestNGListener.java:27] test failure: negativeWrongPasswordNoLetters
2023-10-20 16:35:22,339 INFO t.BaseTests [BaseTests.java:37] stopped method: negativeWrongPasswordNoLetters
2023-10-20 16:35:22,340 INFO t.BaseTests [BaseTests.java:38] stopped method with params: []
2023-10-20 16:35:22,343 INFO t.BaseTests [BaseTests.java:30] ----------------------------------------------------------------------------------
2023-10-20 16:35:22,343 INFO t.BaseTests [BaseTests.java:31] started method: negativeWrongPasswordWrongSymbol
2023-10-20 16:35:22,344 INFO t.BaseTests [BaseTests.java:32] started method with params: []
2023-10-20 16:35:22,345 INFO m.TestNGListener [TestNGListener.java:15] started test: negativeWrongPasswordWrongSymbol
2023-10-20 16:35:22,345 INFO m.BaseHelper [BaseHelper.java:22] search element by locator: By.xpath: //input[@name='email']
2023-10-20 16:35:22,346 INFO m.WDListener [WDListener.java:92] before find element: By.xpath: //input[@name='email']
2023-10-20 16:35:22,411 INFO m.WDListener [WDListener.java:98] element found success: By.xpath: //input[@name='email']
2023-10-20 16:35:22,411 INFO m.WDListener [WDListener.java:104] start method click
2023-10-20 16:35:22,498 INFO m.WDListener [WDListener.java:110] done method click
2023-10-20 16:35:22,685 INFO m.BaseHelper [BaseHelper.java:22] search element by locator: By.xpath: //input[@name='password']
2023-10-20 16:35:22,686 INFO m.WDListener [WDListener.java:92] before find element: By.xpath: //input[@name='password']
2023-10-20 16:35:22,712 INFO m.WDListener [WDListener.java:98] element found success: By.xpath: //input[@name='password']
2023-10-20 16:35:22,713 INFO m.WDListener [WDListener.java:104] start method click
2023-10-20 16:35:22,788 INFO m.WDListener [WDListener.java:110] done method click
2023-10-20 16:35:22,977 INFO m.BaseHelper [BaseHelper.java:22] search element by locator: By.xpath: //button[@name='login']
2023-10-20 16:35:22,977 INFO m.WDListener [WDListener.java:92] before find element: By.xpath: //button[@name='login']
2023-10-20 16:35:23,005 INFO m.WDListener [WDListener.java:98] element found success: By.xpath: //button[@name='login']
2023-10-20 16:35:23,006 INFO m.WDListener [WDListener.java:104] start method click
2023-10-20 16:35:23,084 INFO m.WDListener [WDListener.java:110] done method click
2023-10-20 16:35:24,136 INFO m.TestNGListener [TestNGListener.java:21] test success: negativeWrongPasswordWrongSymbol
2023-10-20 16:35:24,136 INFO t.BaseTests [BaseTests.java:37] stopped method: negativeWrongPasswordWrongSymbol
2023-10-20 16:35:24,136 INFO t.BaseTests [BaseTests.java:38] stopped method with params: []
2023-10-20 16:35:24,142 INFO t.BaseTests [BaseTests.java:30] ----------------------------------------------------------------------------------
2023-10-20 16:35:24,142 INFO t.BaseTests [BaseTests.java:31] started method: positiveLoginUserDto
2023-10-20 16:35:24,142 INFO t.BaseTests [BaseTests.java:32] started method with params: []
2023-10-20 16:35:24,142 INFO m.TestNGListener [TestNGListener.java:15] started test: positiveLoginUserDto
2023-10-20 16:35:24,142 INFO t.BaseTests [LoginTests.java:53] logger info: start test positiveLoginUserDto
2023-10-20 16:35:24,142 INFO t.BaseTests [LoginTests.java:54] in the next function: fill email input with email: testqa20@gmail.com and with the password: 123456Aa$ and click on button login
2023-10-20 16:35:24,142 INFO m.BaseHelper [BaseHelper.java:22] search element by locator: By.xpath: //input[@name='email']
2023-10-20 16:35:24,142 INFO m.WDListener [WDListener.java:92] before find element: By.xpath: //input[@name='email']
2023-10-20 16:35:24,192 INFO m.WDListener [WDListener.java:148] start on exception in WDListener class
2023-10-20 16:35:24,192 INFO m.WDListener [WDListener.java:150] created name for the screenshot: src/test/screenshots/screenshot-2023-10-20:35:24.png
2023-10-20 16:35:24,192 ERROR m.WDListener [WDListener.java:151] unexpected alert open: {Alert text : Wrong email or password}
  (Session info: chrome=118.0.5993.89): Wrong email or password
Build info: version: '3.141.59', revision: 'e82be7d358', time: '2018-11-14T08:17:03'
System info: host: 'LAPTOP-259RB9PK', ip: '192.168.1.58', os.name: 'Windows 11', os.arch: 'amd64', os.version: '10.0', java.version: '1.8.0_333'
Driver info: org.openqa.selenium.chrome.ChromeDriver
Capabilities {acceptInsecureCerts: false, browserName: chrome, browserVersion: 118.0.5993.89, chrome: {chromedriverVersion: 118.0.5993.70 (e52f33f30b91..., userDataDir: C:\Users\lzhol\AppData\Loca...}, fedcm:accounts: true, goog:chromeOptions: {debuggerAddress: localhost:65383}, javascriptEnabled: true, networkConnectionEnabled: false, pageLoadStrategy: normal, platform: WINDOWS, platformName: WINDOWS, proxy: Proxy(), setWindowRect: true, strictFileInteractability: false, timeouts: {implicit: 0, pageLoad: 300000, script: 30000}, unhandledPromptBehavior: dismiss and notify, webauthn:extension:credBlob: true, webauthn:extension:largeBlob: true, webauthn:extension:minPinLength: true, webauthn:extension:prf: true, webauthn:virtualAuthenticators: true}
Session ID: 00d342a055f63a872a7ea251d5a955a3
*** Element info: {Using=xpath, value=//input[@name='email']}
2023-10-20 16:35:24,196 ERROR m.WDListener [WDListener.java:152] [org.openqa.selenium.remote.http.W3CHttpResponseCodec.decode(W3CHttpResponseCodec.java:120), org.openqa.selenium.remote.http.W3CHttpResponseCodec.decode(W3CHttpResponseCodec.java:49), org.openqa.selenium.remote.HttpCommandExecutor.execute(HttpCommandExecutor.java:158), org.openqa.selenium.remote.service.DriverCommandExecutor.execute(DriverCommandExecutor.java:83), org.openqa.selenium.remote.RemoteWebDriver.execute(RemoteWebDriver.java:552), org.openqa.selenium.remote.RemoteWebDriver.findElement(RemoteWebDriver.java:323), org.openqa.selenium.remote.RemoteWebDriver.findElementByXPath(RemoteWebDriver.java:428), org.openqa.selenium.By$ByXPath.findElement(By.java:353), org.openqa.selenium.remote.RemoteWebDriver.findElement(RemoteWebDriver.java:315), sun.reflect.NativeMethodAccessorImpl.invoke0(Native Method), sun.reflect.NativeMethodAccessorImpl.invoke(NativeMethodAccessorImpl.java:62), sun.reflect.DelegatingMethodAccessorImpl.invoke(DelegatingMethodAccessorImpl.java:43), java.lang.reflect.Method.invoke(Method.java:498), org.openqa.selenium.support.events.EventFiringWebDriver.lambda$new$1(EventFiringWebDriver.java:105), com.sun.proxy.$Proxy15.findElement(Unknown Source), org.openqa.selenium.support.events.EventFiringWebDriver.findElement(EventFiringWebDriver.java:194), manager.BaseHelper.findElementBase(BaseHelper.java:24), manager.BaseHelper.typeTextBase(BaseHelper.java:43), manager.UserHelper.fillLoginUserDto(UserHelper.java:27), tests.LoginTests.positiveLoginUserDto(LoginTests.java:57), sun.reflect.NativeMethodAccessorImpl.invoke0(Native Method), sun.reflect.NativeMethodAccessorImpl.invoke(NativeMethodAccessorImpl.java:62), sun.reflect.DelegatingMethodAccessorImpl.invoke(DelegatingMethodAccessorImpl.java:43), java.lang.reflect.Method.invoke(Method.java:498), org.testng.internal.MethodInvocationHelper.invokeMethod(MethodInvocationHelper.java:133), org.testng.internal.TestInvoker.invokeMethod(TestInvoker.java:598), org.testng.internal.TestInvoker.invokeTestMethod(TestInvoker.java:173), org.testng.internal.MethodRunner.runInSequence(MethodRunner.java:46), org.testng.internal.TestInvoker$MethodInvocationAgent.invoke(TestInvoker.java:824), org.testng.internal.TestInvoker.invokeTestMethods(TestInvoker.java:146), org.testng.internal.TestMethodWorker.invokeTestMethods(TestMethodWorker.java:146), org.testng.internal.TestMethodWorker.run(TestMethodWorker.java:128), java.util.ArrayList.forEach(ArrayList.java:1259), org.testng.TestRunner.privateRun(TestRunner.java:794), org.testng.TestRunner.run(TestRunner.java:596), org.testng.SuiteRunner.runTest(SuiteRunner.java:377), org.testng.SuiteRunner.runSequentially(SuiteRunner.java:371), org.testng.SuiteRunner.privateRun(SuiteRunner.java:332), org.testng.SuiteRunner.run(SuiteRunner.java:276), org.testng.SuiteRunnerWorker.runSuite(SuiteRunnerWorker.java:53), org.testng.SuiteRunnerWorker.run(SuiteRunnerWorker.java:96), org.testng.TestNG.runSuitesSequentially(TestNG.java:1212), org.testng.TestNG.runSuitesLocally(TestNG.java:1134), org.testng.TestNG.runSuites(TestNG.java:1063), org.testng.TestNG.run(TestNG.java:1031), org.gradle.api.internal.tasks.testing.testng.TestNGTestClassProcessor.runTests(TestNGTestClassProcessor.java:141), org.gradle.api.internal.tasks.testing.testng.TestNGTestClassProcessor.stop(TestNGTestClassProcessor.java:90), org.gradle.api.internal.tasks.testing.SuiteTestClassProcessor.stop(SuiteTestClassProcessor.java:61), sun.reflect.NativeMethodAccessorImpl.invoke0(Native Method), sun.reflect.NativeMethodAccessorImpl.invoke(NativeMethodAccessorImpl.java:62), sun.reflect.DelegatingMethodAccessorImpl.invoke(DelegatingMethodAccessorImpl.java:43), java.lang.reflect.Method.invoke(Method.java:498), org.gradle.internal.dispatch.ReflectionDispatch.dispatch(ReflectionDispatch.java:36), org.gradle.internal.dispatch.ReflectionDispatch.dispatch(ReflectionDispatch.java:24), org.gradle.internal.dispatch.ContextClassLoaderDispatch.dispatch(ContextClassLoaderDispatch.java:33), org.gradle.internal.dispatch.ProxyDispatchAdapter$DispatchingInvocationHandler.invoke(ProxyDispatchAdapter.java:94), com.sun.proxy.$Proxy2.stop(Unknown Source), org.gradle.api.internal.tasks.testing.worker.TestWorker$3.run(TestWorker.java:193), org.gradle.api.internal.tasks.testing.worker.TestWorker.executeAndMaintainThreadName(TestWorker.java:129), org.gradle.api.internal.tasks.testing.worker.TestWorker.execute(TestWorker.java:100), org.gradle.api.internal.tasks.testing.worker.TestWorker.execute(TestWorker.java:60), org.gradle.process.internal.worker.child.ActionExecutionWorker.execute(ActionExecutionWorker.java:56), org.gradle.process.internal.worker.child.SystemApplicationClassLoaderWorker.call(SystemApplicationClassLoaderWorker.java:133), org.gradle.process.internal.worker.child.SystemApplicationClassLoaderWorker.call(SystemApplicationClassLoaderWorker.java:71), worker.org.gradle.process.internal.worker.GradleWorkerMain.run(GradleWorkerMain.java:69), worker.org.gradle.process.internal.worker.GradleWorkerMain.main(GradleWorkerMain.java:74)]
2023-10-20 16:35:24,198 ERROR m.WDListener [WDListener.java:153] org.openqa.selenium.UnhandledAlertException: unexpected alert open: {Alert text : Wrong email or password}
  (Session info: chrome=118.0.5993.89): Wrong email or password
Build info: version: '3.141.59', revision: 'e82be7d358', time: '2018-11-14T08:17:03'
System info: host: 'LAPTOP-259RB9PK', ip: '192.168.1.58', os.name: 'Windows 11', os.arch: 'amd64', os.version: '10.0', java.version: '1.8.0_333'
Driver info: org.openqa.selenium.chrome.ChromeDriver
Capabilities {acceptInsecureCerts: false, browserName: chrome, browserVersion: 118.0.5993.89, chrome: {chromedriverVersion: 118.0.5993.70 (e52f33f30b91..., userDataDir: C:\Users\lzhol\AppData\Loca...}, fedcm:accounts: true, goog:chromeOptions: {debuggerAddress: localhost:65383}, javascriptEnabled: true, networkConnectionEnabled: false, pageLoadStrategy: normal, platform: WINDOWS, platformName: WINDOWS, proxy: Proxy(), setWindowRect: true, strictFileInteractability: false, timeouts: {implicit: 0, pageLoad: 300000, script: 30000}, unhandledPromptBehavior: dismiss and notify, webauthn:extension:credBlob: true, webauthn:extension:largeBlob: true, webauthn:extension:minPinLength: true, webauthn:extension:prf: true, webauthn:virtualAuthenticators: true}
Session ID: 00d342a055f63a872a7ea251d5a955a3
*** Element info: {Using=xpath, value=//input[@name='email']}
2023-10-20 16:35:24,795 ERROR m.WDListener [WDListener.java:165] got an exception for adding screenshot to the folder: src\test\screenshots\screenshot-2023-10-20:35:24.png (The filename, directory name, or volume label syntax is incorrect)
2023-10-20 16:35:24,795 INFO m.TestNGListener [TestNGListener.java:27] test failure: positiveLoginUserDto
2023-10-20 16:35:24,795 INFO t.BaseTests [BaseTests.java:37] stopped method: positiveLoginUserDto
2023-10-20 16:35:24,795 INFO t.BaseTests [BaseTests.java:38] stopped method with params: []
2023-10-20 16:35:24,803 INFO t.BaseTests [BaseTests.java:30] ----------------------------------------------------------------------------------
2023-10-20 16:35:24,811 INFO t.BaseTests [BaseTests.java:31] started method: positiveLoginUserDtoLombok
2023-10-20 16:35:24,811 INFO t.BaseTests [BaseTests.java:32] started method with params: []
2023-10-20 16:35:24,811 INFO m.TestNGListener [TestNGListener.java:15] started test: positiveLoginUserDtoLombok
2023-10-20 16:35:24,811 INFO m.BaseHelper [BaseHelper.java:22] search element by locator: By.xpath: //input[@name='email']
2023-10-20 16:35:24,811 INFO m.WDListener [WDListener.java:92] before find element: By.xpath: //input[@name='email']
2023-10-20 16:35:24,845 INFO m.WDListener [WDListener.java:98] element found success: By.xpath: //input[@name='email']
2023-10-20 16:35:24,845 INFO m.WDListener [WDListener.java:104] start method click
2023-10-20 16:35:24,905 INFO m.WDListener [WDListener.java:110] done method click
2023-10-20 16:35:25,129 INFO m.BaseHelper [BaseHelper.java:22] search element by locator: By.xpath: //input[@name='password']
2023-10-20 16:35:25,129 INFO m.WDListener [WDListener.java:92] before find element: By.xpath: //input[@name='password']
2023-10-20 16:35:25,176 INFO m.WDListener [WDListener.java:98] element found success: By.xpath: //input[@name='password']
2023-10-20 16:35:25,177 INFO m.WDListener [WDListener.java:104] start method click
2023-10-20 16:35:25,243 INFO m.WDListener [WDListener.java:110] done method click
2023-10-20 16:35:25,368 INFO m.BaseHelper [BaseHelper.java:22] search element by locator: By.xpath: //button[@name='login']
2023-10-20 16:35:25,369 INFO m.WDListener [WDListener.java:92] before find element: By.xpath: //button[@name='login']
2023-10-20 16:35:25,405 INFO m.WDListener [WDListener.java:98] element found success: By.xpath: //button[@name='login']
2023-10-20 16:35:25,406 INFO m.WDListener [WDListener.java:104] start method click
2023-10-20 16:35:25,491 INFO m.WDListener [WDListener.java:110] done method click
2023-10-20 16:35:25,494 INFO m.BaseHelper [BaseHelper.java:22] search element by locator: By.xpath: //a[@href='/contacts']
2023-10-20 16:35:25,494 INFO m.WDListener [WDListener.java:92] before find element: By.xpath: //a[@href='/contacts']
2023-10-20 16:35:25,804 INFO m.WDListener [WDListener.java:98] element found success: By.xpath: //a[@href='/contacts']
2023-10-20 16:35:25,821 INFO m.WDListener [WDListener.java:182] get text from the element with text: CONTACTS
2023-10-20 16:35:25,842 INFO m.WDListener [WDListener.java:188] got the text successful
2023-10-20 16:35:25,842 INFO m.TestNGListener [TestNGListener.java:21] test success: positiveLoginUserDtoLombok
2023-10-20 16:35:25,842 INFO t.BaseTests [BaseTests.java:37] stopped method: positiveLoginUserDtoLombok
2023-10-20 16:35:25,842 INFO t.BaseTests [BaseTests.java:38] stopped method with params: []
2023-10-20 16:35:25,842 INFO t.BaseTests [BaseTests.java:30] ----------------------------------------------------------------------------------
2023-10-20 16:35:25,842 INFO t.BaseTests [BaseTests.java:31] started method: positiveLoginUserDtoWith
2023-10-20 16:35:25,842 INFO t.BaseTests [BaseTests.java:32] started method with params: []
2023-10-20 16:35:25,842 INFO m.TestNGListener [TestNGListener.java:15] started test: positiveLoginUserDtoWith
2023-10-20 16:35:25,850 INFO m.BaseHelper [BaseHelper.java:22] search element by locator: By.xpath: //input[@name='email']
2023-10-20 16:35:25,850 INFO m.WDListener [WDListener.java:92] before find element: By.xpath: //input[@name='email']
2023-10-20 16:36:25,960 INFO m.WDListener [WDListener.java:148] start on exception in WDListener class
2023-10-20 16:36:25,961 INFO m.WDListener [WDListener.java:150] created name for the screenshot: src/test/screenshots/screenshot-2023-10-20:36:25.png
2023-10-20 16:36:25,963 ERROR m.WDListener [WDListener.java:151] no such element: Unable to locate element: {"method":"xpath","selector":"//input[@name='email']"}
  (Session info: chrome=118.0.5993.89)
For documentation on this error, please visit: https://www.seleniumhq.org/exceptions/no_such_element.html
Build info: version: '3.141.59', revision: 'e82be7d358', time: '2018-11-14T08:17:03'
System info: host: 'LAPTOP-259RB9PK', ip: '192.168.1.58', os.name: 'Windows 11', os.arch: 'amd64', os.version: '10.0', java.version: '1.8.0_333'
Driver info: org.openqa.selenium.chrome.ChromeDriver
Capabilities {acceptInsecureCerts: false, browserName: chrome, browserVersion: 118.0.5993.89, chrome: {chromedriverVersion: 118.0.5993.70 (e52f33f30b91..., userDataDir: C:\Users\lzhol\AppData\Loca...}, fedcm:accounts: true, goog:chromeOptions: {debuggerAddress: localhost:65383}, javascriptEnabled: true, networkConnectionEnabled: false, pageLoadStrategy: normal, platform: WINDOWS, platformName: WINDOWS, proxy: Proxy(), setWindowRect: true, strictFileInteractability: false, timeouts: {implicit: 0, pageLoad: 300000, script: 30000}, unhandledPromptBehavior: dismiss and notify, webauthn:extension:credBlob: true, webauthn:extension:largeBlob: true, webauthn:extension:minPinLength: true, webauthn:extension:prf: true, webauthn:virtualAuthenticators: true}
Session ID: 00d342a055f63a872a7ea251d5a955a3
*** Element info: {Using=xpath, value=//input[@name='email']}
2023-10-20 16:36:25,964 ERROR m.WDListener [WDListener.java:152] [sun.reflect.NativeConstructorAccessorImpl.newInstance0(Native Method), sun.reflect.NativeConstructorAccessorImpl.newInstance(NativeConstructorAccessorImpl.java:62), sun.reflect.DelegatingConstructorAccessorImpl.newInstance(DelegatingConstructorAccessorImpl.java:45), java.lang.reflect.Constructor.newInstance(Constructor.java:423), org.openqa.selenium.remote.http.W3CHttpResponseCodec.createException(W3CHttpResponseCodec.java:187), org.openqa.selenium.remote.http.W3CHttpResponseCodec.decode(W3CHttpResponseCodec.java:122), org.openqa.selenium.remote.http.W3CHttpResponseCodec.decode(W3CHttpResponseCodec.java:49), org.openqa.selenium.remote.HttpCommandExecutor.execute(HttpCommandExecutor.java:158), org.openqa.selenium.remote.service.DriverCommandExecutor.execute(DriverCommandExecutor.java:83), org.openqa.selenium.remote.RemoteWebDriver.execute(RemoteWebDriver.java:552), org.openqa.selenium.remote.RemoteWebDriver.findElement(RemoteWebDriver.java:323), org.openqa.selenium.remote.RemoteWebDriver.findElementByXPath(RemoteWebDriver.java:428), org.openqa.selenium.By$ByXPath.findElement(By.java:353), org.openqa.selenium.remote.RemoteWebDriver.findElement(RemoteWebDriver.java:315), sun.reflect.NativeMethodAccessorImpl.invoke0(Native Method), sun.reflect.NativeMethodAccessorImpl.invoke(NativeMethodAccessorImpl.java:62), sun.reflect.DelegatingMethodAccessorImpl.invoke(DelegatingMethodAccessorImpl.java:43), java.lang.reflect.Method.invoke(Method.java:498), org.openqa.selenium.support.events.EventFiringWebDriver.lambda$new$1(EventFiringWebDriver.java:105), com.sun.proxy.$Proxy15.findElement(Unknown Source), org.openqa.selenium.support.events.EventFiringWebDriver.findElement(EventFiringWebDriver.java:194), manager.BaseHelper.findElementBase(BaseHelper.java:24), manager.BaseHelper.typeTextBase(BaseHelper.java:43), manager.UserHelper.fillLoginUserDtoWith(UserHelper.java:33), tests.LoginTests.positiveLoginUserDtoWith(LoginTests.java:65), sun.reflect.NativeMethodAccessorImpl.invoke0(Native Method), sun.reflect.NativeMethodAccessorImpl.invoke(NativeMethodAccessorImpl.java:62), sun.reflect.DelegatingMethodAccessorImpl.invoke(DelegatingMethodAccessorImpl.java:43), java.lang.reflect.Method.invoke(Method.java:498), org.testng.internal.MethodInvocationHelper.invokeMethod(MethodInvocationHelper.java:133), org.testng.internal.TestInvoker.invokeMethod(TestInvoker.java:598), org.testng.internal.TestInvoker.invokeTestMethod(TestInvoker.java:173), org.testng.internal.MethodRunner.runInSequence(MethodRunner.java:46), org.testng.internal.TestInvoker$MethodInvocationAgent.invoke(TestInvoker.java:824), org.testng.internal.TestInvoker.invokeTestMethods(TestInvoker.java:146), org.testng.internal.TestMethodWorker.invokeTestMethods(TestMethodWorker.java:146), org.testng.internal.TestMethodWorker.run(TestMethodWorker.java:128), java.util.ArrayList.forEach(ArrayList.java:1259), org.testng.TestRunner.privateRun(TestRunner.java:794), org.testng.TestRunner.run(TestRunner.java:596), org.testng.SuiteRunner.runTest(SuiteRunner.java:377), org.testng.SuiteRunner.runSequentially(SuiteRunner.java:371), org.testng.SuiteRunner.privateRun(SuiteRunner.java:332), org.testng.SuiteRunner.run(SuiteRunner.java:276), org.testng.SuiteRunnerWorker.runSuite(SuiteRunnerWorker.java:53), org.testng.SuiteRunnerWorker.run(SuiteRunnerWorker.java:96), org.testng.TestNG.runSuitesSequentially(TestNG.java:1212), org.testng.TestNG.runSuitesLocally(TestNG.java:1134), org.testng.TestNG.runSuites(TestNG.java:1063), org.testng.TestNG.run(TestNG.java:1031), org.gradle.api.internal.tasks.testing.testng.TestNGTestClassProcessor.runTests(TestNGTestClassProcessor.java:141), org.gradle.api.internal.tasks.testing.testng.TestNGTestClassProcessor.stop(TestNGTestClassProcessor.java:90), org.gradle.api.internal.tasks.testing.SuiteTestClassProcessor.stop(SuiteTestClassProcessor.java:61), sun.reflect.NativeMethodAccessorImpl.invoke0(Native Method), sun.reflect.NativeMethodAccessorImpl.invoke(NativeMethodAccessorImpl.java:62), sun.reflect.DelegatingMethodAccessorImpl.invoke(DelegatingMethodAccessorImpl.java:43), java.lang.reflect.Method.invoke(Method.java:498), org.gradle.internal.dispatch.ReflectionDispatch.dispatch(ReflectionDispatch.java:36), org.gradle.internal.dispatch.ReflectionDispatch.dispatch(ReflectionDispatch.java:24), org.gradle.internal.dispatch.ContextClassLoaderDispatch.dispatch(ContextClassLoaderDispatch.java:33), org.gradle.internal.dispatch.ProxyDispatchAdapter$DispatchingInvocationHandler.invoke(ProxyDispatchAdapter.java:94), com.sun.proxy.$Proxy2.stop(Unknown Source), org.gradle.api.internal.tasks.testing.worker.TestWorker$3.run(TestWorker.java:193), org.gradle.api.internal.tasks.testing.worker.TestWorker.executeAndMaintainThreadName(TestWorker.java:129), org.gradle.api.internal.tasks.testing.worker.TestWorker.execute(TestWorker.java:100), org.gradle.api.internal.tasks.testing.worker.TestWorker.execute(TestWorker.java:60), org.gradle.process.internal.worker.child.ActionExecutionWorker.execute(ActionExecutionWorker.java:56), org.gradle.process.internal.worker.child.SystemApplicationClassLoaderWorker.call(SystemApplicationClassLoaderWorker.java:133), org.gradle.process.internal.worker.child.SystemApplicationClassLoaderWorker.call(SystemApplicationClassLoaderWorker.java:71), worker.org.gradle.process.internal.worker.GradleWorkerMain.run(GradleWorkerMain.java:69), worker.org.gradle.process.internal.worker.GradleWorkerMain.main(GradleWorkerMain.java:74)]
2023-10-20 16:36:25,966 ERROR m.WDListener [WDListener.java:153] org.openqa.selenium.NoSuchElementException: no such element: Unable to locate element: {"method":"xpath","selector":"//input[@name='email']"}
  (Session info: chrome=118.0.5993.89)
For documentation on this error, please visit: https://www.seleniumhq.org/exceptions/no_such_element.html
Build info: version: '3.141.59', revision: 'e82be7d358', time: '2018-11-14T08:17:03'
System info: host: 'LAPTOP-259RB9PK', ip: '192.168.1.58', os.name: 'Windows 11', os.arch: 'amd64', os.version: '10.0', java.version: '1.8.0_333'
Driver info: org.openqa.selenium.chrome.ChromeDriver
Capabilities {acceptInsecureCerts: false, browserName: chrome, browserVersion: 118.0.5993.89, chrome: {chromedriverVersion: 118.0.5993.70 (e52f33f30b91..., userDataDir: C:\Users\lzhol\AppData\Loca...}, fedcm:accounts: true, goog:chromeOptions: {debuggerAddress: localhost:65383}, javascriptEnabled: true, networkConnectionEnabled: false, pageLoadStrategy: normal, platform: WINDOWS, platformName: WINDOWS, proxy: Proxy(), setWindowRect: true, strictFileInteractability: false, timeouts: {implicit: 0, pageLoad: 300000, script: 30000}, unhandledPromptBehavior: dismiss and notify, webauthn:extension:credBlob: true, webauthn:extension:largeBlob: true, webauthn:extension:minPinLength: true, webauthn:extension:prf: true, webauthn:virtualAuthenticators: true}
Session ID: 00d342a055f63a872a7ea251d5a955a3
*** Element info: {Using=xpath, value=//input[@name='email']}
2023-10-20 16:36:26,625 ERROR m.WDListener [WDListener.java:165] got an exception for adding screenshot to the folder: src\test\screenshots\screenshot-2023-10-20:36:25.png (The filename, directory name, or volume label syntax is incorrect)
2023-10-20 16:36:26,626 INFO m.TestNGListener [TestNGListener.java:27] test failure: positiveLoginUserDtoWith
2023-10-20 16:36:26,628 INFO t.BaseTests [BaseTests.java:37] stopped method: positiveLoginUserDtoWith
2023-10-20 16:36:26,629 INFO t.BaseTests [BaseTests.java:38] stopped method with params: []
2023-10-20 16:36:26,649 INFO m.TestNGListener [TestNGListener.java:56] all code executed: passed tests: [ResultMap map=[[TestResult name=negativeWrongPasswordWrongSymbol status=SUCCESS method=LoginTests.negativeWrongPasswordWrongSymbol()[pri:0, instance:tests.LoginTests@156b88f5] output={null}], [TestResult name=negativeWrongPasswordNoDigits status=SUCCESS method=LoginTests.negativeWrongPasswordNoDigits()[pri:0, instance:tests.LoginTests@156b88f5] output={null}], [TestResult name=positiveLoginUserDtoLombok status=SUCCESS method=LoginTests.positiveLoginUserDtoLombok()[pri:0, instance:tests.LoginTests@156b88f5] output={null}]]]
2023-10-20 16:36:26,650 INFO m.TestNGListener [TestNGListener.java:57] all code executed: failed tests: [ResultMap map=[[TestResult name=positiveLoginUserDto status=FAILURE method=LoginTests.positiveLoginUserDto()[pri:0, instance:tests.LoginTests@156b88f5] output={null}], [TestResult name=negativeWrongPasswordNoLetters status=FAILURE method=LoginTests.negativeWrongPasswordNoLetters()[pri:0, instance:tests.LoginTests@156b88f5] output={null}], [TestResult name=positiveLoginUserDtoWith status=FAILURE method=LoginTests.positiveLoginUserDtoWith()[pri:0, instance:tests.LoginTests@156b88f5] output={null}]]]
