2023-10-26 09:11:24,166 INFO m.ApplicationManager [ApplicationManager.java:29] created chrome browser
2023-10-26 09:11:25,995 INFO m.ApplicationManager [ApplicationManager.java:36] open page: https://www.google.com/
2023-10-26 09:11:26,328 INFO m.TestNGListener [TestNGListener.java:50] start test - onstart - : smoke
2023-10-26 09:11:26,425 INFO m.BaseHelper [BaseHelper.java:22] search element by locator: By.xpath: //a[@href='/login']
2023-10-26 09:11:26,426 INFO m.WDListener [WDListener.java:92] before find element: By.xpath: //a[@href='/login']
2023-10-26 09:12:26,490 INFO m.WDListener [WDListener.java:148] start on exception in WDListener class
2023-10-26 09:12:26,492 INFO m.WDListener [WDListener.java:150] created name for the screenshot: src/test/screenshots/screenshot-2023-10-26_09_12_26.png
2023-10-26 09:12:26,493 ERROR m.WDListener [WDListener.java:151] no such element: Unable to locate element: {"method":"xpath","selector":"//a[@href='/login']"}
  (Session info: chrome=118.0.5993.89)
For documentation on this error, please visit: https://www.seleniumhq.org/exceptions/no_such_element.html
Build info: version: '3.141.59', revision: 'e82be7d358', time: '2018-11-14T08:17:03'
System info: host: 'LAPTOP-259RB9PK', ip: '192.168.1.58', os.name: 'Windows 11', os.arch: 'amd64', os.version: '10.0', java.version: '1.8.0_333'
Driver info: org.openqa.selenium.chrome.ChromeDriver
Capabilities {acceptInsecureCerts: false, browserName: chrome, browserVersion: 118.0.5993.89, chrome: {chromedriverVersion: 118.0.5993.70 (e52f33f30b91..., userDataDir: C:\Users\lzhol\AppData\Loca...}, fedcm:accounts: true, goog:chromeOptions: {debuggerAddress: localhost:52738}, javascriptEnabled: true, networkConnectionEnabled: false, pageLoadStrategy: normal, platform: WINDOWS, platformName: WINDOWS, proxy: Proxy(), setWindowRect: true, strictFileInteractability: false, timeouts: {implicit: 0, pageLoad: 300000, script: 30000}, unhandledPromptBehavior: dismiss and notify, webauthn:extension:credBlob: true, webauthn:extension:largeBlob: true, webauthn:extension:minPinLength: true, webauthn:extension:prf: true, webauthn:virtualAuthenticators: true}
Session ID: bdb7b3086c6a2e393adf1637a4c2f860
*** Element info: {Using=xpath, value=//a[@href='/login']}
2023-10-26 09:12:26,493 ERROR m.WDListener [WDListener.java:152] [sun.reflect.NativeConstructorAccessorImpl.newInstance0(Native Method), sun.reflect.NativeConstructorAccessorImpl.newInstance(NativeConstructorAccessorImpl.java:62), sun.reflect.DelegatingConstructorAccessorImpl.newInstance(DelegatingConstructorAccessorImpl.java:45), java.lang.reflect.Constructor.newInstance(Constructor.java:423), org.openqa.selenium.remote.http.W3CHttpResponseCodec.createException(W3CHttpResponseCodec.java:187), org.openqa.selenium.remote.http.W3CHttpResponseCodec.decode(W3CHttpResponseCodec.java:122), org.openqa.selenium.remote.http.W3CHttpResponseCodec.decode(W3CHttpResponseCodec.java:49), org.openqa.selenium.remote.HttpCommandExecutor.execute(HttpCommandExecutor.java:158), org.openqa.selenium.remote.service.DriverCommandExecutor.execute(DriverCommandExecutor.java:83), org.openqa.selenium.remote.RemoteWebDriver.execute(RemoteWebDriver.java:552), org.openqa.selenium.remote.RemoteWebDriver.findElement(RemoteWebDriver.java:323), org.openqa.selenium.remote.RemoteWebDriver.findElementByXPath(RemoteWebDriver.java:428), org.openqa.selenium.By$ByXPath.findElement(By.java:353), org.openqa.selenium.remote.RemoteWebDriver.findElement(RemoteWebDriver.java:315), sun.reflect.NativeMethodAccessorImpl.invoke0(Native Method), sun.reflect.NativeMethodAccessorImpl.invoke(NativeMethodAccessorImpl.java:62), sun.reflect.DelegatingMethodAccessorImpl.invoke(DelegatingMethodAccessorImpl.java:43), java.lang.reflect.Method.invoke(Method.java:498), org.openqa.selenium.support.events.EventFiringWebDriver.lambda$new$1(EventFiringWebDriver.java:105), com.sun.proxy.$Proxy15.findElement(Unknown Source), org.openqa.selenium.support.events.EventFiringWebDriver.findElement(EventFiringWebDriver.java:194), manager.BaseHelper.findElementBase(BaseHelper.java:24), manager.BaseHelper.clickBase(BaseHelper.java:33), manager.UserHelper.openLoginPage(UserHelper.java:23), tests.RegistrationTests.preconditionsBeforeClass(RegistrationTests.java:15), sun.reflect.NativeMethodAccessorImpl.invoke0(Native Method), sun.reflect.NativeMethodAccessorImpl.invoke(NativeMethodAccessorImpl.java:62), sun.reflect.DelegatingMethodAccessorImpl.invoke(DelegatingMethodAccessorImpl.java:43), java.lang.reflect.Method.invoke(Method.java:498), org.testng.internal.MethodInvocationHelper.invokeMethod(MethodInvocationHelper.java:133), org.testng.internal.MethodInvocationHelper.invokeMethodConsideringTimeout(MethodInvocationHelper.java:62), org.testng.internal.ConfigInvoker.invokeConfigurationMethod(ConfigInvoker.java:385), org.testng.internal.ConfigInvoker.invokeConfigurations(ConfigInvoker.java:321), org.testng.internal.TestMethodWorker.invokeBeforeClassMethods(TestMethodWorker.java:176), org.testng.internal.TestMethodWorker.run(TestMethodWorker.java:122), java.util.ArrayList.forEach(ArrayList.java:1259), org.testng.TestRunner.privateRun(TestRunner.java:794), org.testng.TestRunner.run(TestRunner.java:596), org.testng.SuiteRunner.runTest(SuiteRunner.java:377), org.testng.SuiteRunner.runSequentially(SuiteRunner.java:371), org.testng.SuiteRunner.privateRun(SuiteRunner.java:332), org.testng.SuiteRunner.run(SuiteRunner.java:276), org.testng.SuiteRunnerWorker.runSuite(SuiteRunnerWorker.java:53), org.testng.SuiteRunnerWorker.run(SuiteRunnerWorker.java:96), org.testng.TestNG.runSuitesSequentially(TestNG.java:1212), org.testng.TestNG.runSuitesLocally(TestNG.java:1134), org.testng.TestNG.runSuites(TestNG.java:1063), org.testng.TestNG.run(TestNG.java:1031), org.gradle.api.internal.tasks.testing.testng.TestNGTestClassProcessor.runTests(TestNGTestClassProcessor.java:141), org.gradle.api.internal.tasks.testing.testng.TestNGTestClassProcessor.stop(TestNGTestClassProcessor.java:90), org.gradle.api.internal.tasks.testing.SuiteTestClassProcessor.stop(SuiteTestClassProcessor.java:61), sun.reflect.NativeMethodAccessorImpl.invoke0(Native Method), sun.reflect.NativeMethodAccessorImpl.invoke(NativeMethodAccessorImpl.java:62), sun.reflect.DelegatingMethodAccessorImpl.invoke(DelegatingMethodAccessorImpl.java:43), java.lang.reflect.Method.invoke(Method.java:498), org.gradle.internal.dispatch.ReflectionDispatch.dispatch(ReflectionDispatch.java:36), org.gradle.internal.dispatch.ReflectionDispatch.dispatch(ReflectionDispatch.java:24), org.gradle.internal.dispatch.ContextClassLoaderDispatch.dispatch(ContextClassLoaderDispatch.java:33), org.gradle.internal.dispatch.ProxyDispatchAdapter$DispatchingInvocationHandler.invoke(ProxyDispatchAdapter.java:94), com.sun.proxy.$Proxy2.stop(Unknown Source), org.gradle.api.internal.tasks.testing.worker.TestWorker$3.run(TestWorker.java:193), org.gradle.api.internal.tasks.testing.worker.TestWorker.executeAndMaintainThreadName(TestWorker.java:129), org.gradle.api.internal.tasks.testing.worker.TestWorker.execute(TestWorker.java:100), org.gradle.api.internal.tasks.testing.worker.TestWorker.execute(TestWorker.java:60), org.gradle.process.internal.worker.child.ActionExecutionWorker.execute(ActionExecutionWorker.java:56), org.gradle.process.internal.worker.child.SystemApplicationClassLoaderWorker.call(SystemApplicationClassLoaderWorker.java:133), org.gradle.process.internal.worker.child.SystemApplicationClassLoaderWorker.call(SystemApplicationClassLoaderWorker.java:71), worker.org.gradle.process.internal.worker.GradleWorkerMain.run(GradleWorkerMain.java:69), worker.org.gradle.process.internal.worker.GradleWorkerMain.main(GradleWorkerMain.java:74)]
2023-10-26 09:12:26,494 ERROR m.WDListener [WDListener.java:153] org.openqa.selenium.NoSuchElementException: no such element: Unable to locate element: {"method":"xpath","selector":"//a[@href='/login']"}
  (Session info: chrome=118.0.5993.89)
For documentation on this error, please visit: https://www.seleniumhq.org/exceptions/no_such_element.html
Build info: version: '3.141.59', revision: 'e82be7d358', time: '2018-11-14T08:17:03'
System info: host: 'LAPTOP-259RB9PK', ip: '192.168.1.58', os.name: 'Windows 11', os.arch: 'amd64', os.version: '10.0', java.version: '1.8.0_333'
Driver info: org.openqa.selenium.chrome.ChromeDriver
Capabilities {acceptInsecureCerts: false, browserName: chrome, browserVersion: 118.0.5993.89, chrome: {chromedriverVersion: 118.0.5993.70 (e52f33f30b91..., userDataDir: C:\Users\lzhol\AppData\Loca...}, fedcm:accounts: true, goog:chromeOptions: {debuggerAddress: localhost:52738}, javascriptEnabled: true, networkConnectionEnabled: false, pageLoadStrategy: normal, platform: WINDOWS, platformName: WINDOWS, proxy: Proxy(), setWindowRect: true, strictFileInteractability: false, timeouts: {implicit: 0, pageLoad: 300000, script: 30000}, unhandledPromptBehavior: dismiss and notify, webauthn:extension:credBlob: true, webauthn:extension:largeBlob: true, webauthn:extension:minPinLength: true, webauthn:extension:prf: true, webauthn:virtualAuthenticators: true}
Session ID: bdb7b3086c6a2e393adf1637a4c2f860
*** Element info: {Using=xpath, value=//a[@href='/login']}
2023-10-26 09:12:26,854 INFO t.BaseTests [BaseTests.java:40] ----------------------------------------------------------------------------------
2023-10-26 09:12:26,854 INFO t.BaseTests [BaseTests.java:41] started method: positiveRegistration
2023-10-26 09:12:26,855 INFO t.BaseTests [BaseTests.java:42] started method with params: []
2023-10-26 09:12:26,859 INFO m.TestNGListener [TestNGListener.java:15] started test: positiveRegistration
2023-10-26 09:12:26,859 INFO m.TestNGListener [TestNGListener.java:33] test skipped: positiveRegistration
2023-10-26 09:12:26,861 INFO t.BaseTests [BaseTests.java:47] stopped method: positiveRegistration
2023-10-26 09:12:26,861 INFO t.BaseTests [BaseTests.java:48] stopped method with params: []
2023-10-26 09:12:26,877 INFO m.BaseHelper [BaseHelper.java:22] search element by locator: By.xpath: //a[@href='/login']
2023-10-26 09:12:26,877 INFO m.WDListener [WDListener.java:92] before find element: By.xpath: //a[@href='/login']
2023-10-26 09:13:26,917 INFO m.WDListener [WDListener.java:148] start on exception in WDListener class
2023-10-26 09:13:26,917 INFO m.WDListener [WDListener.java:150] created name for the screenshot: src/test/screenshots/screenshot-2023-10-26_09_13_26.png
2023-10-26 09:13:26,918 ERROR m.WDListener [WDListener.java:151] no such element: Unable to locate element: {"method":"xpath","selector":"//a[@href='/login']"}
  (Session info: chrome=118.0.5993.89)
For documentation on this error, please visit: https://www.seleniumhq.org/exceptions/no_such_element.html
Build info: version: '3.141.59', revision: 'e82be7d358', time: '2018-11-14T08:17:03'
System info: host: 'LAPTOP-259RB9PK', ip: '192.168.1.58', os.name: 'Windows 11', os.arch: 'amd64', os.version: '10.0', java.version: '1.8.0_333'
Driver info: org.openqa.selenium.chrome.ChromeDriver
Capabilities {acceptInsecureCerts: false, browserName: chrome, browserVersion: 118.0.5993.89, chrome: {chromedriverVersion: 118.0.5993.70 (e52f33f30b91..., userDataDir: C:\Users\lzhol\AppData\Loca...}, fedcm:accounts: true, goog:chromeOptions: {debuggerAddress: localhost:52738}, javascriptEnabled: true, networkConnectionEnabled: false, pageLoadStrategy: normal, platform: WINDOWS, platformName: WINDOWS, proxy: Proxy(), setWindowRect: true, strictFileInteractability: false, timeouts: {implicit: 0, pageLoad: 300000, script: 30000}, unhandledPromptBehavior: dismiss and notify, webauthn:extension:credBlob: true, webauthn:extension:largeBlob: true, webauthn:extension:minPinLength: true, webauthn:extension:prf: true, webauthn:virtualAuthenticators: true}
Session ID: bdb7b3086c6a2e393adf1637a4c2f860
*** Element info: {Using=xpath, value=//a[@href='/login']}
2023-10-26 09:13:26,918 ERROR m.WDListener [WDListener.java:152] [sun.reflect.NativeConstructorAccessorImpl.newInstance0(Native Method), sun.reflect.NativeConstructorAccessorImpl.newInstance(NativeConstructorAccessorImpl.java:62), sun.reflect.DelegatingConstructorAccessorImpl.newInstance(DelegatingConstructorAccessorImpl.java:45), java.lang.reflect.Constructor.newInstance(Constructor.java:423), org.openqa.selenium.remote.http.W3CHttpResponseCodec.createException(W3CHttpResponseCodec.java:187), org.openqa.selenium.remote.http.W3CHttpResponseCodec.decode(W3CHttpResponseCodec.java:122), org.openqa.selenium.remote.http.W3CHttpResponseCodec.decode(W3CHttpResponseCodec.java:49), org.openqa.selenium.remote.HttpCommandExecutor.execute(HttpCommandExecutor.java:158), org.openqa.selenium.remote.service.DriverCommandExecutor.execute(DriverCommandExecutor.java:83), org.openqa.selenium.remote.RemoteWebDriver.execute(RemoteWebDriver.java:552), org.openqa.selenium.remote.RemoteWebDriver.findElement(RemoteWebDriver.java:323), org.openqa.selenium.remote.RemoteWebDriver.findElementByXPath(RemoteWebDriver.java:428), org.openqa.selenium.By$ByXPath.findElement(By.java:353), org.openqa.selenium.remote.RemoteWebDriver.findElement(RemoteWebDriver.java:315), sun.reflect.NativeMethodAccessorImpl.invoke0(Native Method), sun.reflect.NativeMethodAccessorImpl.invoke(NativeMethodAccessorImpl.java:62), sun.reflect.DelegatingMethodAccessorImpl.invoke(DelegatingMethodAccessorImpl.java:43), java.lang.reflect.Method.invoke(Method.java:498), org.openqa.selenium.support.events.EventFiringWebDriver.lambda$new$1(EventFiringWebDriver.java:105), com.sun.proxy.$Proxy15.findElement(Unknown Source), org.openqa.selenium.support.events.EventFiringWebDriver.findElement(EventFiringWebDriver.java:194), manager.BaseHelper.findElementBase(BaseHelper.java:24), manager.BaseHelper.clickBase(BaseHelper.java:33), manager.UserHelper.openLoginPage(UserHelper.java:23), tests.LoginTests.preconditionsBeforeClass(LoginTests.java:16), sun.reflect.NativeMethodAccessorImpl.invoke0(Native Method), sun.reflect.NativeMethodAccessorImpl.invoke(NativeMethodAccessorImpl.java:62), sun.reflect.DelegatingMethodAccessorImpl.invoke(DelegatingMethodAccessorImpl.java:43), java.lang.reflect.Method.invoke(Method.java:498), org.testng.internal.MethodInvocationHelper.invokeMethod(MethodInvocationHelper.java:133), org.testng.internal.MethodInvocationHelper.invokeMethodConsideringTimeout(MethodInvocationHelper.java:62), org.testng.internal.ConfigInvoker.invokeConfigurationMethod(ConfigInvoker.java:385), org.testng.internal.ConfigInvoker.invokeConfigurations(ConfigInvoker.java:321), org.testng.internal.TestMethodWorker.invokeBeforeClassMethods(TestMethodWorker.java:176), org.testng.internal.TestMethodWorker.run(TestMethodWorker.java:122), java.util.ArrayList.forEach(ArrayList.java:1259), org.testng.TestRunner.privateRun(TestRunner.java:794), org.testng.TestRunner.run(TestRunner.java:596), org.testng.SuiteRunner.runTest(SuiteRunner.java:377), org.testng.SuiteRunner.runSequentially(SuiteRunner.java:371), org.testng.SuiteRunner.privateRun(SuiteRunner.java:332), org.testng.SuiteRunner.run(SuiteRunner.java:276), org.testng.SuiteRunnerWorker.runSuite(SuiteRunnerWorker.java:53), org.testng.SuiteRunnerWorker.run(SuiteRunnerWorker.java:96), org.testng.TestNG.runSuitesSequentially(TestNG.java:1212), org.testng.TestNG.runSuitesLocally(TestNG.java:1134), org.testng.TestNG.runSuites(TestNG.java:1063), org.testng.TestNG.run(TestNG.java:1031), org.gradle.api.internal.tasks.testing.testng.TestNGTestClassProcessor.runTests(TestNGTestClassProcessor.java:141), org.gradle.api.internal.tasks.testing.testng.TestNGTestClassProcessor.stop(TestNGTestClassProcessor.java:90), org.gradle.api.internal.tasks.testing.SuiteTestClassProcessor.stop(SuiteTestClassProcessor.java:61), sun.reflect.NativeMethodAccessorImpl.invoke0(Native Method), sun.reflect.NativeMethodAccessorImpl.invoke(NativeMethodAccessorImpl.java:62), sun.reflect.DelegatingMethodAccessorImpl.invoke(DelegatingMethodAccessorImpl.java:43), java.lang.reflect.Method.invoke(Method.java:498), org.gradle.internal.dispatch.ReflectionDispatch.dispatch(ReflectionDispatch.java:36), org.gradle.internal.dispatch.ReflectionDispatch.dispatch(ReflectionDispatch.java:24), org.gradle.internal.dispatch.ContextClassLoaderDispatch.dispatch(ContextClassLoaderDispatch.java:33), org.gradle.internal.dispatch.ProxyDispatchAdapter$DispatchingInvocationHandler.invoke(ProxyDispatchAdapter.java:94), com.sun.proxy.$Proxy2.stop(Unknown Source), org.gradle.api.internal.tasks.testing.worker.TestWorker$3.run(TestWorker.java:193), org.gradle.api.internal.tasks.testing.worker.TestWorker.executeAndMaintainThreadName(TestWorker.java:129), org.gradle.api.internal.tasks.testing.worker.TestWorker.execute(TestWorker.java:100), org.gradle.api.internal.tasks.testing.worker.TestWorker.execute(TestWorker.java:60), org.gradle.process.internal.worker.child.ActionExecutionWorker.execute(ActionExecutionWorker.java:56), org.gradle.process.internal.worker.child.SystemApplicationClassLoaderWorker.call(SystemApplicationClassLoaderWorker.java:133), org.gradle.process.internal.worker.child.SystemApplicationClassLoaderWorker.call(SystemApplicationClassLoaderWorker.java:71), worker.org.gradle.process.internal.worker.GradleWorkerMain.run(GradleWorkerMain.java:69), worker.org.gradle.process.internal.worker.GradleWorkerMain.main(GradleWorkerMain.java:74)]
2023-10-26 09:13:26,919 ERROR m.WDListener [WDListener.java:153] org.openqa.selenium.NoSuchElementException: no such element: Unable to locate element: {"method":"xpath","selector":"//a[@href='/login']"}
  (Session info: chrome=118.0.5993.89)
For documentation on this error, please visit: https://www.seleniumhq.org/exceptions/no_such_element.html
Build info: version: '3.141.59', revision: 'e82be7d358', time: '2018-11-14T08:17:03'
System info: host: 'LAPTOP-259RB9PK', ip: '192.168.1.58', os.name: 'Windows 11', os.arch: 'amd64', os.version: '10.0', java.version: '1.8.0_333'
Driver info: org.openqa.selenium.chrome.ChromeDriver
Capabilities {acceptInsecureCerts: false, browserName: chrome, browserVersion: 118.0.5993.89, chrome: {chromedriverVersion: 118.0.5993.70 (e52f33f30b91..., userDataDir: C:\Users\lzhol\AppData\Loca...}, fedcm:accounts: true, goog:chromeOptions: {debuggerAddress: localhost:52738}, javascriptEnabled: true, networkConnectionEnabled: false, pageLoadStrategy: normal, platform: WINDOWS, platformName: WINDOWS, proxy: Proxy(), setWindowRect: true, strictFileInteractability: false, timeouts: {implicit: 0, pageLoad: 300000, script: 30000}, unhandledPromptBehavior: dismiss and notify, webauthn:extension:credBlob: true, webauthn:extension:largeBlob: true, webauthn:extension:minPinLength: true, webauthn:extension:prf: true, webauthn:virtualAuthenticators: true}
Session ID: bdb7b3086c6a2e393adf1637a4c2f860
*** Element info: {Using=xpath, value=//a[@href='/login']}
2023-10-26 09:13:27,141 INFO t.BaseTests [BaseTests.java:40] ----------------------------------------------------------------------------------
2023-10-26 09:13:27,141 INFO t.BaseTests [BaseTests.java:41] started method: positiveLoginUserDtoLombok
2023-10-26 09:13:27,142 INFO t.BaseTests [BaseTests.java:42] started method with params: []
2023-10-26 09:13:27,143 INFO m.TestNGListener [TestNGListener.java:15] started test: positiveLoginUserDtoLombok
2023-10-26 09:13:27,143 INFO m.TestNGListener [TestNGListener.java:33] test skipped: positiveLoginUserDtoLombok
2023-10-26 09:13:27,145 INFO t.BaseTests [BaseTests.java:47] stopped method: positiveLoginUserDtoLombok
2023-10-26 09:13:27,146 INFO t.BaseTests [BaseTests.java:48] stopped method with params: []
2023-10-26 09:13:27,146 INFO m.TestNGListener [TestNGListener.java:56] all code executed: passed tests: [ResultMap map=[]]
2023-10-26 09:13:27,148 INFO m.TestNGListener [TestNGListener.java:57] all code executed: failed tests: [ResultMap map=[]]
