2023-10-20 16:31:54,050 INFO m.ApplicationManager [ApplicationManager.java:23] open page: https://telranedu.web.app/home
2023-10-20 16:31:54,326 INFO m.TestNGListener [TestNGListener.java:50] start test - onstart - : Gradle test
2023-10-20 16:31:54,365 INFO m.WDListener [WDListener.java:49] navigate to: https://telranedu.web.app/home
2023-10-20 16:31:54,450 INFO m.WDListener [WDListener.java:55] navigate to: https://telranedu.web.app/home
2023-10-20 16:31:54,625 INFO m.BaseHelper [BaseHelper.java:22] search element by locator: By.xpath: //a[@href='/login']
2023-10-20 16:31:54,627 INFO m.WDListener [WDListener.java:92] before find element: By.xpath: //a[@href='/login']
2023-10-20 16:31:54,670 INFO m.WDListener [WDListener.java:98] element found success: By.xpath: //a[@href='/login']
2023-10-20 16:31:54,680 INFO m.WDListener [WDListener.java:104] start method click
2023-10-20 16:31:54,779 INFO m.WDListener [WDListener.java:110] done method click
2023-10-20 16:31:54,806 INFO t.BaseTests [BaseTests.java:30] ----------------------------------------------------------------------------------
2023-10-20 16:31:54,806 INFO t.BaseTests [BaseTests.java:31] started method: negativeWrongPasswordNoDigits
2023-10-20 16:31:54,807 INFO t.BaseTests [BaseTests.java:32] started method with params: []
2023-10-20 16:31:54,810 INFO m.TestNGListener [TestNGListener.java:15] started test: negativeWrongPasswordNoDigits
2023-10-20 16:31:54,813 INFO m.BaseHelper [BaseHelper.java:22] search element by locator: By.xpath: //input[@name='email']
2023-10-20 16:31:54,815 INFO m.WDListener [WDListener.java:92] before find element: By.xpath: //input[@name='email']
2023-10-20 16:31:54,838 INFO m.WDListener [WDListener.java:98] element found success: By.xpath: //input[@name='email']
2023-10-20 16:31:54,839 INFO m.WDListener [WDListener.java:104] start method click
2023-10-20 16:31:54,986 INFO m.WDListener [WDListener.java:110] done method click
2023-10-20 16:31:55,205 INFO m.BaseHelper [BaseHelper.java:22] search element by locator: By.xpath: //input[@name='password']
2023-10-20 16:31:55,206 INFO m.WDListener [WDListener.java:92] before find element: By.xpath: //input[@name='password']
2023-10-20 16:31:55,247 INFO m.WDListener [WDListener.java:98] element found success: By.xpath: //input[@name='password']
2023-10-20 16:31:55,248 INFO m.WDListener [WDListener.java:104] start method click
2023-10-20 16:31:55,311 INFO m.WDListener [WDListener.java:110] done method click
2023-10-20 16:31:55,481 INFO m.BaseHelper [BaseHelper.java:22] search element by locator: By.xpath: //button[@name='login']
2023-10-20 16:31:55,483 INFO m.WDListener [WDListener.java:92] before find element: By.xpath: //button[@name='login']
2023-10-20 16:31:55,506 INFO m.WDListener [WDListener.java:98] element found success: By.xpath: //button[@name='login']
2023-10-20 16:31:55,507 INFO m.WDListener [WDListener.java:104] start method click
2023-10-20 16:31:55,606 INFO m.WDListener [WDListener.java:110] done method click
2023-10-20 16:31:56,669 INFO m.TestNGListener [TestNGListener.java:21] test success: negativeWrongPasswordNoDigits
2023-10-20 16:31:56,671 INFO t.BaseTests [BaseTests.java:37] stopped method: negativeWrongPasswordNoDigits
2023-10-20 16:31:56,673 INFO t.BaseTests [BaseTests.java:38] stopped method with params: []
2023-10-20 16:31:56,678 INFO t.BaseTests [BaseTests.java:30] ----------------------------------------------------------------------------------
2023-10-20 16:31:56,678 INFO t.BaseTests [BaseTests.java:31] started method: negativeWrongPasswordNoLetters
2023-10-20 16:31:56,679 INFO t.BaseTests [BaseTests.java:32] started method with params: []
2023-10-20 16:31:56,680 INFO m.TestNGListener [TestNGListener.java:15] started test: negativeWrongPasswordNoLetters
2023-10-20 16:31:56,681 INFO m.BaseHelper [BaseHelper.java:22] search element by locator: By.xpath: //input[@name='email']
2023-10-20 16:31:56,683 INFO m.WDListener [WDListener.java:92] before find element: By.xpath: //input[@name='email']
2023-10-20 16:31:56,708 INFO m.WDListener [WDListener.java:148] start on exception in WDListener class
2023-10-20 16:31:56,712 INFO m.WDListener [WDListener.java:150] created name for the screenshot: src/test/screenshots/screenshot-2023-10-20:31:56.png
2023-10-20 16:31:56,712 ERROR m.WDListener [WDListener.java:151] unexpected alert open: {Alert text : Wrong email or password}
  (Session info: chrome=118.0.5993.89): Wrong email or password
Build info: version: '3.141.59', revision: 'e82be7d358', time: '2018-11-14T08:17:03'
System info: host: 'LAPTOP-259RB9PK', ip: '192.168.1.58', os.name: 'Windows 11', os.arch: 'amd64', os.version: '10.0', java.version: '1.8.0_333'
Driver info: org.openqa.selenium.chrome.ChromeDriver
Capabilities {acceptInsecureCerts: false, browserName: chrome, browserVersion: 118.0.5993.89, chrome: {chromedriverVersion: 118.0.5993.70 (e52f33f30b91..., userDataDir: C:\Users\lzhol\AppData\Loca...}, fedcm:accounts: true, goog:chromeOptions: {debuggerAddress: localhost:65136}, javascriptEnabled: true, networkConnectionEnabled: false, pageLoadStrategy: normal, platform: WINDOWS, platformName: WINDOWS, proxy: Proxy(), setWindowRect: true, strictFileInteractability: false, timeouts: {implicit: 0, pageLoad: 300000, script: 30000}, unhandledPromptBehavior: dismiss and notify, webauthn:extension:credBlob: true, webauthn:extension:largeBlob: true, webauthn:extension:minPinLength: true, webauthn:extension:prf: true, webauthn:virtualAuthenticators: true}
Session ID: 08f239f3cc27293802127a2bd583dd3f
*** Element info: {Using=xpath, value=//input[@name='email']}
2023-10-20 16:31:56,713 ERROR m.WDListener [WDListener.java:152] [org.openqa.selenium.remote.http.W3CHttpResponseCodec.decode(W3CHttpResponseCodec.java:120), org.openqa.selenium.remote.http.W3CHttpResponseCodec.decode(W3CHttpResponseCodec.java:49), org.openqa.selenium.remote.HttpCommandExecutor.execute(HttpCommandExecutor.java:158), org.openqa.selenium.remote.service.DriverCommandExecutor.execute(DriverCommandExecutor.java:83), org.openqa.selenium.remote.RemoteWebDriver.execute(RemoteWebDriver.java:552), org.openqa.selenium.remote.RemoteWebDriver.findElement(RemoteWebDriver.java:323), org.openqa.selenium.remote.RemoteWebDriver.findElementByXPath(RemoteWebDriver.java:428), org.openqa.selenium.By$ByXPath.findElement(By.java:353), org.openqa.selenium.remote.RemoteWebDriver.findElement(RemoteWebDriver.java:315), sun.reflect.NativeMethodAccessorImpl.invoke0(Native Method), sun.reflect.NativeMethodAccessorImpl.invoke(NativeMethodAccessorImpl.java:62), sun.reflect.DelegatingMethodAccessorImpl.invoke(DelegatingMethodAccessorImpl.java:43), java.lang.reflect.Method.invoke(Method.java:498), org.openqa.selenium.support.events.EventFiringWebDriver.lambda$new$1(EventFiringWebDriver.java:105), com.sun.proxy.$Proxy15.findElement(Unknown Source), org.openqa.selenium.support.events.EventFiringWebDriver.findElement(EventFiringWebDriver.java:194), manager.BaseHelper.findElementBase(BaseHelper.java:24), manager.BaseHelper.typeTextBase(BaseHelper.java:43), manager.UserHelper.fillLoginUserDtoLombok(UserHelper.java:44), tests.LoginTests.negativeWrongPasswordNoLetters(LoginTests.java:98), sun.reflect.NativeMethodAccessorImpl.invoke0(Native Method), sun.reflect.NativeMethodAccessorImpl.invoke(NativeMethodAccessorImpl.java:62), sun.reflect.DelegatingMethodAccessorImpl.invoke(DelegatingMethodAccessorImpl.java:43), java.lang.reflect.Method.invoke(Method.java:498), org.testng.internal.MethodInvocationHelper.invokeMethod(MethodInvocationHelper.java:133), org.testng.internal.TestInvoker.invokeMethod(TestInvoker.java:598), org.testng.internal.TestInvoker.invokeTestMethod(TestInvoker.java:173), org.testng.internal.MethodRunner.runInSequence(MethodRunner.java:46), org.testng.internal.TestInvoker$MethodInvocationAgent.invoke(TestInvoker.java:824), org.testng.internal.TestInvoker.invokeTestMethods(TestInvoker.java:146), org.testng.internal.TestMethodWorker.invokeTestMethods(TestMethodWorker.java:146), org.testng.internal.TestMethodWorker.run(TestMethodWorker.java:128), java.util.ArrayList.forEach(ArrayList.java:1259), org.testng.TestRunner.privateRun(TestRunner.java:794), org.testng.TestRunner.run(TestRunner.java:596), org.testng.SuiteRunner.runTest(SuiteRunner.java:377), org.testng.SuiteRunner.runSequentially(SuiteRunner.java:371), org.testng.SuiteRunner.privateRun(SuiteRunner.java:332), org.testng.SuiteRunner.run(SuiteRunner.java:276), org.testng.SuiteRunnerWorker.runSuite(SuiteRunnerWorker.java:53), org.testng.SuiteRunnerWorker.run(SuiteRunnerWorker.java:96), org.testng.TestNG.runSuitesSequentially(TestNG.java:1212), org.testng.TestNG.runSuitesLocally(TestNG.java:1134), org.testng.TestNG.runSuites(TestNG.java:1063), org.testng.TestNG.run(TestNG.java:1031), org.gradle.api.internal.tasks.testing.testng.TestNGTestClassProcessor.runTests(TestNGTestClassProcessor.java:141), org.gradle.api.internal.tasks.testing.testng.TestNGTestClassProcessor.stop(TestNGTestClassProcessor.java:90), org.gradle.api.internal.tasks.testing.SuiteTestClassProcessor.stop(SuiteTestClassProcessor.java:61), sun.reflect.NativeMethodAccessorImpl.invoke0(Native Method), sun.reflect.NativeMethodAccessorImpl.invoke(NativeMethodAccessorImpl.java:62), sun.reflect.DelegatingMethodAccessorImpl.invoke(DelegatingMethodAccessorImpl.java:43), java.lang.reflect.Method.invoke(Method.java:498), org.gradle.internal.dispatch.ReflectionDispatch.dispatch(ReflectionDispatch.java:36), org.gradle.internal.dispatch.ReflectionDispatch.dispatch(ReflectionDispatch.java:24), org.gradle.internal.dispatch.ContextClassLoaderDispatch.dispatch(ContextClassLoaderDispatch.java:33), org.gradle.internal.dispatch.ProxyDispatchAdapter$DispatchingInvocationHandler.invoke(ProxyDispatchAdapter.java:94), com.sun.proxy.$Proxy2.stop(Unknown Source), org.gradle.api.internal.tasks.testing.worker.TestWorker$3.run(TestWorker.java:193), org.gradle.api.internal.tasks.testing.worker.TestWorker.executeAndMaintainThreadName(TestWorker.java:129), org.gradle.api.internal.tasks.testing.worker.TestWorker.execute(TestWorker.java:100), org.gradle.api.internal.tasks.testing.worker.TestWorker.execute(TestWorker.java:60), org.gradle.process.internal.worker.child.ActionExecutionWorker.execute(ActionExecutionWorker.java:56), org.gradle.process.internal.worker.child.SystemApplicationClassLoaderWorker.call(SystemApplicationClassLoaderWorker.java:133), org.gradle.process.internal.worker.child.SystemApplicationClassLoaderWorker.call(SystemApplicationClassLoaderWorker.java:71), worker.org.gradle.process.internal.worker.GradleWorkerMain.run(GradleWorkerMain.java:69), worker.org.gradle.process.internal.worker.GradleWorkerMain.main(GradleWorkerMain.java:74)]
2023-10-20 16:31:56,714 ERROR m.WDListener [WDListener.java:153] org.openqa.selenium.UnhandledAlertException: unexpected alert open: {Alert text : Wrong email or password}
  (Session info: chrome=118.0.5993.89): Wrong email or password
Build info: version: '3.141.59', revision: 'e82be7d358', time: '2018-11-14T08:17:03'
System info: host: 'LAPTOP-259RB9PK', ip: '192.168.1.58', os.name: 'Windows 11', os.arch: 'amd64', os.version: '10.0', java.version: '1.8.0_333'
Driver info: org.openqa.selenium.chrome.ChromeDriver
Capabilities {acceptInsecureCerts: false, browserName: chrome, browserVersion: 118.0.5993.89, chrome: {chromedriverVersion: 118.0.5993.70 (e52f33f30b91..., userDataDir: C:\Users\lzhol\AppData\Loca...}, fedcm:accounts: true, goog:chromeOptions: {debuggerAddress: localhost:65136}, javascriptEnabled: true, networkConnectionEnabled: false, pageLoadStrategy: normal, platform: WINDOWS, platformName: WINDOWS, proxy: Proxy(), setWindowRect: true, strictFileInteractability: false, timeouts: {implicit: 0, pageLoad: 300000, script: 30000}, unhandledPromptBehavior: dismiss and notify, webauthn:extension:credBlob: true, webauthn:extension:largeBlob: true, webauthn:extension:minPinLength: true, webauthn:extension:prf: true, webauthn:virtualAuthenticators: true}
Session ID: 08f239f3cc27293802127a2bd583dd3f
*** Element info: {Using=xpath, value=//input[@name='email']}
2023-10-20 16:31:57,530 ERROR m.WDListener [WDListener.java:165] got an exception for adding screenshot to the folder: src\test\screenshots\screenshot-2023-10-20:31:56.png (The filename, directory name, or volume label syntax is incorrect)
2023-10-20 16:31:57,532 INFO m.TestNGListener [TestNGListener.java:27] test failure: negativeWrongPasswordNoLetters
2023-10-20 16:31:57,533 INFO t.BaseTests [BaseTests.java:37] stopped method: negativeWrongPasswordNoLetters
2023-10-20 16:31:57,534 INFO t.BaseTests [BaseTests.java:38] stopped method with params: []
2023-10-20 16:31:57,562 INFO t.BaseTests [BaseTests.java:30] ----------------------------------------------------------------------------------
2023-10-20 16:31:57,563 INFO t.BaseTests [BaseTests.java:31] started method: negativeWrongPasswordWrongSymbol
2023-10-20 16:31:57,564 INFO t.BaseTests [BaseTests.java:32] started method with params: []
2023-10-20 16:31:57,565 INFO m.TestNGListener [TestNGListener.java:15] started test: negativeWrongPasswordWrongSymbol
2023-10-20 16:31:57,566 INFO m.BaseHelper [BaseHelper.java:22] search element by locator: By.xpath: //input[@name='email']
2023-10-20 16:31:57,566 INFO m.WDListener [WDListener.java:92] before find element: By.xpath: //input[@name='email']
2023-10-20 16:31:57,627 INFO m.WDListener [WDListener.java:98] element found success: By.xpath: //input[@name='email']
2023-10-20 16:31:57,628 INFO m.WDListener [WDListener.java:104] start method click
2023-10-20 16:31:57,708 INFO m.WDListener [WDListener.java:110] done method click
2023-10-20 16:31:57,918 INFO m.BaseHelper [BaseHelper.java:22] search element by locator: By.xpath: //input[@name='password']
2023-10-20 16:31:57,918 INFO m.WDListener [WDListener.java:92] before find element: By.xpath: //input[@name='password']
2023-10-20 16:31:57,935 INFO m.WDListener [WDListener.java:98] element found success: By.xpath: //input[@name='password']
2023-10-20 16:31:57,935 INFO m.WDListener [WDListener.java:104] start method click
2023-10-20 16:31:58,008 INFO m.WDListener [WDListener.java:110] done method click
2023-10-20 16:31:58,175 INFO m.BaseHelper [BaseHelper.java:22] search element by locator: By.xpath: //button[@name='login']
2023-10-20 16:31:58,175 INFO m.WDListener [WDListener.java:92] before find element: By.xpath: //button[@name='login']
2023-10-20 16:31:58,200 INFO m.WDListener [WDListener.java:98] element found success: By.xpath: //button[@name='login']
2023-10-20 16:31:58,201 INFO m.WDListener [WDListener.java:104] start method click
2023-10-20 16:31:58,261 INFO m.WDListener [WDListener.java:110] done method click
2023-10-20 16:31:59,290 INFO m.TestNGListener [TestNGListener.java:21] test success: negativeWrongPasswordWrongSymbol
2023-10-20 16:31:59,290 INFO t.BaseTests [BaseTests.java:37] stopped method: negativeWrongPasswordWrongSymbol
2023-10-20 16:31:59,290 INFO t.BaseTests [BaseTests.java:38] stopped method with params: []
2023-10-20 16:31:59,301 INFO t.BaseTests [BaseTests.java:30] ----------------------------------------------------------------------------------
2023-10-20 16:31:59,301 INFO t.BaseTests [BaseTests.java:31] started method: positiveLoginUserDto
2023-10-20 16:31:59,301 INFO t.BaseTests [BaseTests.java:32] started method with params: []
2023-10-20 16:31:59,301 INFO m.TestNGListener [TestNGListener.java:15] started test: positiveLoginUserDto
2023-10-20 16:31:59,301 INFO t.BaseTests [LoginTests.java:53] logger info: start test positiveLoginUserDto
2023-10-20 16:31:59,301 INFO t.BaseTests [LoginTests.java:54] in the next function: fill email input with email: testqa20@gmail.com and with the password: 123456Aa$ and click on button login
2023-10-20 16:31:59,301 INFO m.BaseHelper [BaseHelper.java:22] search element by locator: By.xpath: //input[@name='email']
2023-10-20 16:31:59,301 INFO m.WDListener [WDListener.java:92] before find element: By.xpath: //input[@name='email']
2023-10-20 16:31:59,328 INFO m.WDListener [WDListener.java:148] start on exception in WDListener class
2023-10-20 16:31:59,331 INFO m.WDListener [WDListener.java:150] created name for the screenshot: src/test/screenshots/screenshot-2023-10-20:31:59.png
2023-10-20 16:31:59,333 ERROR m.WDListener [WDListener.java:151] unexpected alert open: {Alert text : Wrong email or password}
  (Session info: chrome=118.0.5993.89): Wrong email or password
Build info: version: '3.141.59', revision: 'e82be7d358', time: '2018-11-14T08:17:03'
System info: host: 'LAPTOP-259RB9PK', ip: '192.168.1.58', os.name: 'Windows 11', os.arch: 'amd64', os.version: '10.0', java.version: '1.8.0_333'
Driver info: org.openqa.selenium.chrome.ChromeDriver
Capabilities {acceptInsecureCerts: false, browserName: chrome, browserVersion: 118.0.5993.89, chrome: {chromedriverVersion: 118.0.5993.70 (e52f33f30b91..., userDataDir: C:\Users\lzhol\AppData\Loca...}, fedcm:accounts: true, goog:chromeOptions: {debuggerAddress: localhost:65136}, javascriptEnabled: true, networkConnectionEnabled: false, pageLoadStrategy: normal, platform: WINDOWS, platformName: WINDOWS, proxy: Proxy(), setWindowRect: true, strictFileInteractability: false, timeouts: {implicit: 0, pageLoad: 300000, script: 30000}, unhandledPromptBehavior: dismiss and notify, webauthn:extension:credBlob: true, webauthn:extension:largeBlob: true, webauthn:extension:minPinLength: true, webauthn:extension:prf: true, webauthn:virtualAuthenticators: true}
Session ID: 08f239f3cc27293802127a2bd583dd3f
*** Element info: {Using=xpath, value=//input[@name='email']}
2023-10-20 16:31:59,337 ERROR m.WDListener [WDListener.java:152] [org.openqa.selenium.remote.http.W3CHttpResponseCodec.decode(W3CHttpResponseCodec.java:120), org.openqa.selenium.remote.http.W3CHttpResponseCodec.decode(W3CHttpResponseCodec.java:49), org.openqa.selenium.remote.HttpCommandExecutor.execute(HttpCommandExecutor.java:158), org.openqa.selenium.remote.service.DriverCommandExecutor.execute(DriverCommandExecutor.java:83), org.openqa.selenium.remote.RemoteWebDriver.execute(RemoteWebDriver.java:552), org.openqa.selenium.remote.RemoteWebDriver.findElement(RemoteWebDriver.java:323), org.openqa.selenium.remote.RemoteWebDriver.findElementByXPath(RemoteWebDriver.java:428), org.openqa.selenium.By$ByXPath.findElement(By.java:353), org.openqa.selenium.remote.RemoteWebDriver.findElement(RemoteWebDriver.java:315), sun.reflect.NativeMethodAccessorImpl.invoke0(Native Method), sun.reflect.NativeMethodAccessorImpl.invoke(NativeMethodAccessorImpl.java:62), sun.reflect.DelegatingMethodAccessorImpl.invoke(DelegatingMethodAccessorImpl.java:43), java.lang.reflect.Method.invoke(Method.java:498), org.openqa.selenium.support.events.EventFiringWebDriver.lambda$new$1(EventFiringWebDriver.java:105), com.sun.proxy.$Proxy15.findElement(Unknown Source), org.openqa.selenium.support.events.EventFiringWebDriver.findElement(EventFiringWebDriver.java:194), manager.BaseHelper.findElementBase(BaseHelper.java:24), manager.BaseHelper.typeTextBase(BaseHelper.java:43), manager.UserHelper.fillLoginUserDto(UserHelper.java:27), tests.LoginTests.positiveLoginUserDto(LoginTests.java:57), sun.reflect.NativeMethodAccessorImpl.invoke0(Native Method), sun.reflect.NativeMethodAccessorImpl.invoke(NativeMethodAccessorImpl.java:62), sun.reflect.DelegatingMethodAccessorImpl.invoke(DelegatingMethodAccessorImpl.java:43), java.lang.reflect.Method.invoke(Method.java:498), org.testng.internal.MethodInvocationHelper.invokeMethod(MethodInvocationHelper.java:133), org.testng.internal.TestInvoker.invokeMethod(TestInvoker.java:598), org.testng.internal.TestInvoker.invokeTestMethod(TestInvoker.java:173), org.testng.internal.MethodRunner.runInSequence(MethodRunner.java:46), org.testng.internal.TestInvoker$MethodInvocationAgent.invoke(TestInvoker.java:824), org.testng.internal.TestInvoker.invokeTestMethods(TestInvoker.java:146), org.testng.internal.TestMethodWorker.invokeTestMethods(TestMethodWorker.java:146), org.testng.internal.TestMethodWorker.run(TestMethodWorker.java:128), java.util.ArrayList.forEach(ArrayList.java:1259), org.testng.TestRunner.privateRun(TestRunner.java:794), org.testng.TestRunner.run(TestRunner.java:596), org.testng.SuiteRunner.runTest(SuiteRunner.java:377), org.testng.SuiteRunner.runSequentially(SuiteRunner.java:371), org.testng.SuiteRunner.privateRun(SuiteRunner.java:332), org.testng.SuiteRunner.run(SuiteRunner.java:276), org.testng.SuiteRunnerWorker.runSuite(SuiteRunnerWorker.java:53), org.testng.SuiteRunnerWorker.run(SuiteRunnerWorker.java:96), org.testng.TestNG.runSuitesSequentially(TestNG.java:1212), org.testng.TestNG.runSuitesLocally(TestNG.java:1134), org.testng.TestNG.runSuites(TestNG.java:1063), org.testng.TestNG.run(TestNG.java:1031), org.gradle.api.internal.tasks.testing.testng.TestNGTestClassProcessor.runTests(TestNGTestClassProcessor.java:141), org.gradle.api.internal.tasks.testing.testng.TestNGTestClassProcessor.stop(TestNGTestClassProcessor.java:90), org.gradle.api.internal.tasks.testing.SuiteTestClassProcessor.stop(SuiteTestClassProcessor.java:61), sun.reflect.NativeMethodAccessorImpl.invoke0(Native Method), sun.reflect.NativeMethodAccessorImpl.invoke(NativeMethodAccessorImpl.java:62), sun.reflect.DelegatingMethodAccessorImpl.invoke(DelegatingMethodAccessorImpl.java:43), java.lang.reflect.Method.invoke(Method.java:498), org.gradle.internal.dispatch.ReflectionDispatch.dispatch(ReflectionDispatch.java:36), org.gradle.internal.dispatch.ReflectionDispatch.dispatch(ReflectionDispatch.java:24), org.gradle.internal.dispatch.ContextClassLoaderDispatch.dispatch(ContextClassLoaderDispatch.java:33), org.gradle.internal.dispatch.ProxyDispatchAdapter$DispatchingInvocationHandler.invoke(ProxyDispatchAdapter.java:94), com.sun.proxy.$Proxy2.stop(Unknown Source), org.gradle.api.internal.tasks.testing.worker.TestWorker$3.run(TestWorker.java:193), org.gradle.api.internal.tasks.testing.worker.TestWorker.executeAndMaintainThreadName(TestWorker.java:129), org.gradle.api.internal.tasks.testing.worker.TestWorker.execute(TestWorker.java:100), org.gradle.api.internal.tasks.testing.worker.TestWorker.execute(TestWorker.java:60), org.gradle.process.internal.worker.child.ActionExecutionWorker.execute(ActionExecutionWorker.java:56), org.gradle.process.internal.worker.child.SystemApplicationClassLoaderWorker.call(SystemApplicationClassLoaderWorker.java:133), org.gradle.process.internal.worker.child.SystemApplicationClassLoaderWorker.call(SystemApplicationClassLoaderWorker.java:71), worker.org.gradle.process.internal.worker.GradleWorkerMain.run(GradleWorkerMain.java:69), worker.org.gradle.process.internal.worker.GradleWorkerMain.main(GradleWorkerMain.java:74)]
2023-10-20 16:31:59,341 ERROR m.WDListener [WDListener.java:153] org.openqa.selenium.UnhandledAlertException: unexpected alert open: {Alert text : Wrong email or password}
  (Session info: chrome=118.0.5993.89): Wrong email or password
Build info: version: '3.141.59', revision: 'e82be7d358', time: '2018-11-14T08:17:03'
System info: host: 'LAPTOP-259RB9PK', ip: '192.168.1.58', os.name: 'Windows 11', os.arch: 'amd64', os.version: '10.0', java.version: '1.8.0_333'
Driver info: org.openqa.selenium.chrome.ChromeDriver
Capabilities {acceptInsecureCerts: false, browserName: chrome, browserVersion: 118.0.5993.89, chrome: {chromedriverVersion: 118.0.5993.70 (e52f33f30b91..., userDataDir: C:\Users\lzhol\AppData\Loca...}, fedcm:accounts: true, goog:chromeOptions: {debuggerAddress: localhost:65136}, javascriptEnabled: true, networkConnectionEnabled: false, pageLoadStrategy: normal, platform: WINDOWS, platformName: WINDOWS, proxy: Proxy(), setWindowRect: true, strictFileInteractability: false, timeouts: {implicit: 0, pageLoad: 300000, script: 30000}, unhandledPromptBehavior: dismiss and notify, webauthn:extension:credBlob: true, webauthn:extension:largeBlob: true, webauthn:extension:minPinLength: true, webauthn:extension:prf: true, webauthn:virtualAuthenticators: true}
Session ID: 08f239f3cc27293802127a2bd583dd3f
*** Element info: {Using=xpath, value=//input[@name='email']}
2023-10-20 16:32:00,078 ERROR m.WDListener [WDListener.java:165] got an exception for adding screenshot to the folder: src\test\screenshots\screenshot-2023-10-20:31:59.png (The filename, directory name, or volume label syntax is incorrect)
2023-10-20 16:32:00,094 INFO m.TestNGListener [TestNGListener.java:27] test failure: positiveLoginUserDto
2023-10-20 16:32:00,094 INFO t.BaseTests [BaseTests.java:37] stopped method: positiveLoginUserDto
2023-10-20 16:32:00,094 INFO t.BaseTests [BaseTests.java:38] stopped method with params: []
2023-10-20 16:32:00,111 INFO t.BaseTests [BaseTests.java:30] ----------------------------------------------------------------------------------
2023-10-20 16:32:00,111 INFO t.BaseTests [BaseTests.java:31] started method: positiveLoginUserDtoLombok
2023-10-20 16:32:00,111 INFO t.BaseTests [BaseTests.java:32] started method with params: []
2023-10-20 16:32:00,111 INFO m.TestNGListener [TestNGListener.java:15] started test: positiveLoginUserDtoLombok
2023-10-20 16:32:00,111 INFO m.BaseHelper [BaseHelper.java:22] search element by locator: By.xpath: //input[@name='email']
2023-10-20 16:32:00,111 INFO m.WDListener [WDListener.java:92] before find element: By.xpath: //input[@name='email']
2023-10-20 16:32:00,145 INFO m.WDListener [WDListener.java:98] element found success: By.xpath: //input[@name='email']
2023-10-20 16:32:00,145 INFO m.WDListener [WDListener.java:104] start method click
2023-10-20 16:32:00,218 INFO m.WDListener [WDListener.java:110] done method click
2023-10-20 16:32:00,578 INFO m.BaseHelper [BaseHelper.java:22] search element by locator: By.xpath: //input[@name='password']
2023-10-20 16:32:00,578 INFO m.WDListener [WDListener.java:92] before find element: By.xpath: //input[@name='password']
2023-10-20 16:32:00,618 INFO m.WDListener [WDListener.java:98] element found success: By.xpath: //input[@name='password']
2023-10-20 16:32:00,618 INFO m.WDListener [WDListener.java:104] start method click
2023-10-20 16:32:00,699 INFO m.WDListener [WDListener.java:110] done method click
2023-10-20 16:32:00,883 INFO m.BaseHelper [BaseHelper.java:22] search element by locator: By.xpath: //button[@name='login']
2023-10-20 16:32:00,883 INFO m.WDListener [WDListener.java:92] before find element: By.xpath: //button[@name='login']
2023-10-20 16:32:00,906 INFO m.WDListener [WDListener.java:98] element found success: By.xpath: //button[@name='login']
2023-10-20 16:32:00,906 INFO m.WDListener [WDListener.java:104] start method click
2023-10-20 16:32:00,973 INFO m.WDListener [WDListener.java:110] done method click
2023-10-20 16:32:00,974 INFO m.BaseHelper [BaseHelper.java:22] search element by locator: By.xpath: //a[@href='/contacts']
2023-10-20 16:32:00,974 INFO m.WDListener [WDListener.java:92] before find element: By.xpath: //a[@href='/contacts']
2023-10-20 16:32:01,300 INFO m.WDListener [WDListener.java:98] element found success: By.xpath: //a[@href='/contacts']
2023-10-20 16:32:01,325 INFO m.WDListener [WDListener.java:182] get text from the element with text: CONTACTS
2023-10-20 16:32:01,336 INFO m.WDListener [WDListener.java:188] got the text successful
2023-10-20 16:32:01,336 INFO m.TestNGListener [TestNGListener.java:21] test success: positiveLoginUserDtoLombok
2023-10-20 16:32:01,337 INFO t.BaseTests [BaseTests.java:37] stopped method: positiveLoginUserDtoLombok
2023-10-20 16:32:01,337 INFO t.BaseTests [BaseTests.java:38] stopped method with params: []
2023-10-20 16:32:01,337 INFO t.BaseTests [BaseTests.java:30] ----------------------------------------------------------------------------------
2023-10-20 16:32:01,337 INFO t.BaseTests [BaseTests.java:31] started method: positiveLoginUserDtoWith
2023-10-20 16:32:01,337 INFO t.BaseTests [BaseTests.java:32] started method with params: []
2023-10-20 16:32:01,337 INFO m.TestNGListener [TestNGListener.java:15] started test: positiveLoginUserDtoWith
2023-10-20 16:32:01,337 INFO m.BaseHelper [BaseHelper.java:22] search element by locator: By.xpath: //input[@name='email']
2023-10-20 16:32:01,337 INFO m.WDListener [WDListener.java:92] before find element: By.xpath: //input[@name='email']
2023-10-20 16:33:01,405 INFO m.WDListener [WDListener.java:148] start on exception in WDListener class
2023-10-20 16:33:01,406 INFO m.WDListener [WDListener.java:150] created name for the screenshot: src/test/screenshots/screenshot-2023-10-20:33:01.png
2023-10-20 16:33:01,407 ERROR m.WDListener [WDListener.java:151] no such element: Unable to locate element: {"method":"xpath","selector":"//input[@name='email']"}
  (Session info: chrome=118.0.5993.89)
For documentation on this error, please visit: https://www.seleniumhq.org/exceptions/no_such_element.html
Build info: version: '3.141.59', revision: 'e82be7d358', time: '2018-11-14T08:17:03'
System info: host: 'LAPTOP-259RB9PK', ip: '192.168.1.58', os.name: 'Windows 11', os.arch: 'amd64', os.version: '10.0', java.version: '1.8.0_333'
Driver info: org.openqa.selenium.chrome.ChromeDriver
Capabilities {acceptInsecureCerts: false, browserName: chrome, browserVersion: 118.0.5993.89, chrome: {chromedriverVersion: 118.0.5993.70 (e52f33f30b91..., userDataDir: C:\Users\lzhol\AppData\Loca...}, fedcm:accounts: true, goog:chromeOptions: {debuggerAddress: localhost:65136}, javascriptEnabled: true, networkConnectionEnabled: false, pageLoadStrategy: normal, platform: WINDOWS, platformName: WINDOWS, proxy: Proxy(), setWindowRect: true, strictFileInteractability: false, timeouts: {implicit: 0, pageLoad: 300000, script: 30000}, unhandledPromptBehavior: dismiss and notify, webauthn:extension:credBlob: true, webauthn:extension:largeBlob: true, webauthn:extension:minPinLength: true, webauthn:extension:prf: true, webauthn:virtualAuthenticators: true}
Session ID: 08f239f3cc27293802127a2bd583dd3f
*** Element info: {Using=xpath, value=//input[@name='email']}
2023-10-20 16:33:01,407 ERROR m.WDListener [WDListener.java:152] [sun.reflect.NativeConstructorAccessorImpl.newInstance0(Native Method), sun.reflect.NativeConstructorAccessorImpl.newInstance(NativeConstructorAccessorImpl.java:62), sun.reflect.DelegatingConstructorAccessorImpl.newInstance(DelegatingConstructorAccessorImpl.java:45), java.lang.reflect.Constructor.newInstance(Constructor.java:423), org.openqa.selenium.remote.http.W3CHttpResponseCodec.createException(W3CHttpResponseCodec.java:187), org.openqa.selenium.remote.http.W3CHttpResponseCodec.decode(W3CHttpResponseCodec.java:122), org.openqa.selenium.remote.http.W3CHttpResponseCodec.decode(W3CHttpResponseCodec.java:49), org.openqa.selenium.remote.HttpCommandExecutor.execute(HttpCommandExecutor.java:158), org.openqa.selenium.remote.service.DriverCommandExecutor.execute(DriverCommandExecutor.java:83), org.openqa.selenium.remote.RemoteWebDriver.execute(RemoteWebDriver.java:552), org.openqa.selenium.remote.RemoteWebDriver.findElement(RemoteWebDriver.java:323), org.openqa.selenium.remote.RemoteWebDriver.findElementByXPath(RemoteWebDriver.java:428), org.openqa.selenium.By$ByXPath.findElement(By.java:353), org.openqa.selenium.remote.RemoteWebDriver.findElement(RemoteWebDriver.java:315), sun.reflect.NativeMethodAccessorImpl.invoke0(Native Method), sun.reflect.NativeMethodAccessorImpl.invoke(NativeMethodAccessorImpl.java:62), sun.reflect.DelegatingMethodAccessorImpl.invoke(DelegatingMethodAccessorImpl.java:43), java.lang.reflect.Method.invoke(Method.java:498), org.openqa.selenium.support.events.EventFiringWebDriver.lambda$new$1(EventFiringWebDriver.java:105), com.sun.proxy.$Proxy15.findElement(Unknown Source), org.openqa.selenium.support.events.EventFiringWebDriver.findElement(EventFiringWebDriver.java:194), manager.BaseHelper.findElementBase(BaseHelper.java:24), manager.BaseHelper.typeTextBase(BaseHelper.java:43), manager.UserHelper.fillLoginUserDtoWith(UserHelper.java:33), tests.LoginTests.positiveLoginUserDtoWith(LoginTests.java:65), sun.reflect.NativeMethodAccessorImpl.invoke0(Native Method), sun.reflect.NativeMethodAccessorImpl.invoke(NativeMethodAccessorImpl.java:62), sun.reflect.DelegatingMethodAccessorImpl.invoke(DelegatingMethodAccessorImpl.java:43), java.lang.reflect.Method.invoke(Method.java:498), org.testng.internal.MethodInvocationHelper.invokeMethod(MethodInvocationHelper.java:133), org.testng.internal.TestInvoker.invokeMethod(TestInvoker.java:598), org.testng.internal.TestInvoker.invokeTestMethod(TestInvoker.java:173), org.testng.internal.MethodRunner.runInSequence(MethodRunner.java:46), org.testng.internal.TestInvoker$MethodInvocationAgent.invoke(TestInvoker.java:824), org.testng.internal.TestInvoker.invokeTestMethods(TestInvoker.java:146), org.testng.internal.TestMethodWorker.invokeTestMethods(TestMethodWorker.java:146), org.testng.internal.TestMethodWorker.run(TestMethodWorker.java:128), java.util.ArrayList.forEach(ArrayList.java:1259), org.testng.TestRunner.privateRun(TestRunner.java:794), org.testng.TestRunner.run(TestRunner.java:596), org.testng.SuiteRunner.runTest(SuiteRunner.java:377), org.testng.SuiteRunner.runSequentially(SuiteRunner.java:371), org.testng.SuiteRunner.privateRun(SuiteRunner.java:332), org.testng.SuiteRunner.run(SuiteRunner.java:276), org.testng.SuiteRunnerWorker.runSuite(SuiteRunnerWorker.java:53), org.testng.SuiteRunnerWorker.run(SuiteRunnerWorker.java:96), org.testng.TestNG.runSuitesSequentially(TestNG.java:1212), org.testng.TestNG.runSuitesLocally(TestNG.java:1134), org.testng.TestNG.runSuites(TestNG.java:1063), org.testng.TestNG.run(TestNG.java:1031), org.gradle.api.internal.tasks.testing.testng.TestNGTestClassProcessor.runTests(TestNGTestClassProcessor.java:141), org.gradle.api.internal.tasks.testing.testng.TestNGTestClassProcessor.stop(TestNGTestClassProcessor.java:90), org.gradle.api.internal.tasks.testing.SuiteTestClassProcessor.stop(SuiteTestClassProcessor.java:61), sun.reflect.NativeMethodAccessorImpl.invoke0(Native Method), sun.reflect.NativeMethodAccessorImpl.invoke(NativeMethodAccessorImpl.java:62), sun.reflect.DelegatingMethodAccessorImpl.invoke(DelegatingMethodAccessorImpl.java:43), java.lang.reflect.Method.invoke(Method.java:498), org.gradle.internal.dispatch.ReflectionDispatch.dispatch(ReflectionDispatch.java:36), org.gradle.internal.dispatch.ReflectionDispatch.dispatch(ReflectionDispatch.java:24), org.gradle.internal.dispatch.ContextClassLoaderDispatch.dispatch(ContextClassLoaderDispatch.java:33), org.gradle.internal.dispatch.ProxyDispatchAdapter$DispatchingInvocationHandler.invoke(ProxyDispatchAdapter.java:94), com.sun.proxy.$Proxy2.stop(Unknown Source), org.gradle.api.internal.tasks.testing.worker.TestWorker$3.run(TestWorker.java:193), org.gradle.api.internal.tasks.testing.worker.TestWorker.executeAndMaintainThreadName(TestWorker.java:129), org.gradle.api.internal.tasks.testing.worker.TestWorker.execute(TestWorker.java:100), org.gradle.api.internal.tasks.testing.worker.TestWorker.execute(TestWorker.java:60), org.gradle.process.internal.worker.child.ActionExecutionWorker.execute(ActionExecutionWorker.java:56), org.gradle.process.internal.worker.child.SystemApplicationClassLoaderWorker.call(SystemApplicationClassLoaderWorker.java:133), org.gradle.process.internal.worker.child.SystemApplicationClassLoaderWorker.call(SystemApplicationClassLoaderWorker.java:71), worker.org.gradle.process.internal.worker.GradleWorkerMain.run(GradleWorkerMain.java:69), worker.org.gradle.process.internal.worker.GradleWorkerMain.main(GradleWorkerMain.java:74)]
2023-10-20 16:33:01,408 ERROR m.WDListener [WDListener.java:153] org.openqa.selenium.NoSuchElementException: no such element: Unable to locate element: {"method":"xpath","selector":"//input[@name='email']"}
  (Session info: chrome=118.0.5993.89)
For documentation on this error, please visit: https://www.seleniumhq.org/exceptions/no_such_element.html
Build info: version: '3.141.59', revision: 'e82be7d358', time: '2018-11-14T08:17:03'
System info: host: 'LAPTOP-259RB9PK', ip: '192.168.1.58', os.name: 'Windows 11', os.arch: 'amd64', os.version: '10.0', java.version: '1.8.0_333'
Driver info: org.openqa.selenium.chrome.ChromeDriver
Capabilities {acceptInsecureCerts: false, browserName: chrome, browserVersion: 118.0.5993.89, chrome: {chromedriverVersion: 118.0.5993.70 (e52f33f30b91..., userDataDir: C:\Users\lzhol\AppData\Loca...}, fedcm:accounts: true, goog:chromeOptions: {debuggerAddress: localhost:65136}, javascriptEnabled: true, networkConnectionEnabled: false, pageLoadStrategy: normal, platform: WINDOWS, platformName: WINDOWS, proxy: Proxy(), setWindowRect: true, strictFileInteractability: false, timeouts: {implicit: 0, pageLoad: 300000, script: 30000}, unhandledPromptBehavior: dismiss and notify, webauthn:extension:credBlob: true, webauthn:extension:largeBlob: true, webauthn:extension:minPinLength: true, webauthn:extension:prf: true, webauthn:virtualAuthenticators: true}
Session ID: 08f239f3cc27293802127a2bd583dd3f
*** Element info: {Using=xpath, value=//input[@name='email']}
2023-10-20 16:33:02,021 ERROR m.WDListener [WDListener.java:165] got an exception for adding screenshot to the folder: src\test\screenshots\screenshot-2023-10-20:33:01.png (The filename, directory name, or volume label syntax is incorrect)
2023-10-20 16:33:02,022 INFO m.TestNGListener [TestNGListener.java:27] test failure: positiveLoginUserDtoWith
2023-10-20 16:33:02,023 INFO t.BaseTests [BaseTests.java:37] stopped method: positiveLoginUserDtoWith
2023-10-20 16:33:02,023 INFO t.BaseTests [BaseTests.java:38] stopped method with params: []
2023-10-20 16:33:02,027 INFO m.TestNGListener [TestNGListener.java:56] all code executed: passed tests: [ResultMap map=[[TestResult name=positiveLoginUserDtoLombok status=SUCCESS method=LoginTests.positiveLoginUserDtoLombok()[pri:0, instance:tests.LoginTests@156b88f5] output={null}], [TestResult name=negativeWrongPasswordWrongSymbol status=SUCCESS method=LoginTests.negativeWrongPasswordWrongSymbol()[pri:0, instance:tests.LoginTests@156b88f5] output={null}], [TestResult name=negativeWrongPasswordNoDigits status=SUCCESS method=LoginTests.negativeWrongPasswordNoDigits()[pri:0, instance:tests.LoginTests@156b88f5] output={null}]]]
2023-10-20 16:33:02,029 INFO m.TestNGListener [TestNGListener.java:57] all code executed: failed tests: [ResultMap map=[[TestResult name=positiveLoginUserDto status=FAILURE method=LoginTests.positiveLoginUserDto()[pri:0, instance:tests.LoginTests@156b88f5] output={null}], [TestResult name=negativeWrongPasswordNoLetters status=FAILURE method=LoginTests.negativeWrongPasswordNoLetters()[pri:0, instance:tests.LoginTests@156b88f5] output={null}], [TestResult name=positiveLoginUserDtoWith status=FAILURE method=LoginTests.positiveLoginUserDtoWith()[pri:0, instance:tests.LoginTests@156b88f5] output={null}]]]
