2023-11-04 10:30:35,617 INFO m.ApplicationManager [ApplicationManager.java:30] created chrome browser
2023-11-04 10:30:36,383 INFO m.ApplicationManager [ApplicationManager.java:37] open page: https://telranedu.web.app/home
2023-11-04 10:30:36,566 INFO m.TestNGListener [TestNGListener.java:50] start test - onstart - : Gradle test
2023-11-04 10:30:36,677 INFO m.BaseHelper [BaseHelper.java:22] search element by locator: By.xpath: //a[@href='/login']
2023-11-04 10:30:36,678 INFO m.WDListener [WDListener.java:92] before find element: By.xpath: //a[@href='/login']
2023-11-04 10:30:36,718 INFO m.WDListener [WDListener.java:98] element found success: By.xpath: //a[@href='/login']
2023-11-04 10:30:36,729 INFO m.WDListener [WDListener.java:104] start method click
2023-11-04 10:30:36,865 INFO m.WDListener [WDListener.java:110] done method click
2023-11-04 10:30:36,866 INFO m.BaseHelper [BaseHelper.java:22] search element by locator: By.xpath: //input[@name='email']
2023-11-04 10:30:36,866 INFO m.WDListener [WDListener.java:92] before find element: By.xpath: //input[@name='email']
2023-11-04 10:30:36,906 INFO m.WDListener [WDListener.java:98] element found success: By.xpath: //input[@name='email']
2023-11-04 10:30:36,907 INFO m.WDListener [WDListener.java:104] start method click
2023-11-04 10:30:37,060 INFO m.WDListener [WDListener.java:110] done method click
2023-11-04 10:30:37,305 INFO m.BaseHelper [BaseHelper.java:22] search element by locator: By.xpath: //input[@name='password']
2023-11-04 10:30:37,306 INFO m.WDListener [WDListener.java:92] before find element: By.xpath: //input[@name='password']
2023-11-04 10:30:37,351 INFO m.WDListener [WDListener.java:98] element found success: By.xpath: //input[@name='password']
2023-11-04 10:30:37,351 INFO m.WDListener [WDListener.java:104] start method click
2023-11-04 10:30:37,403 INFO m.WDListener [WDListener.java:110] done method click
2023-11-04 10:30:37,555 INFO m.BaseHelper [BaseHelper.java:22] search element by locator: By.xpath: //button[@name='login']
2023-11-04 10:30:37,557 INFO m.WDListener [WDListener.java:92] before find element: By.xpath: //button[@name='login']
2023-11-04 10:30:37,595 INFO m.WDListener [WDListener.java:98] element found success: By.xpath: //button[@name='login']
2023-11-04 10:30:37,596 INFO m.WDListener [WDListener.java:104] start method click
2023-11-04 10:30:37,676 INFO m.WDListener [WDListener.java:110] done method click
2023-11-04 10:30:37,694 INFO t.BaseTests [BaseTests.java:47] ----------------------------------------------------------------------------------
2023-11-04 10:30:37,695 INFO t.BaseTests [BaseTests.java:48] started method: deleteCreatedContactPositive
2023-11-04 10:30:37,695 INFO t.BaseTests [BaseTests.java:49] started method with params: []
2023-11-04 10:30:37,697 INFO m.TestNGListener [TestNGListener.java:15] started test: deleteCreatedContactPositive
2023-11-04 10:30:37,697 INFO t.BaseTests [DeleteContactTests.java:29] phone for the new contact: 987224811244
2023-11-04 10:30:37,700 INFO m.BaseHelper [BaseHelper.java:22] search element by locator: By.xpath: //a[@href='/add']
2023-11-04 10:30:37,701 INFO m.WDListener [WDListener.java:92] before find element: By.xpath: //a[@href='/add']
2023-11-04 10:30:38,679 INFO m.WDListener [WDListener.java:98] element found success: By.xpath: //a[@href='/add']
2023-11-04 10:30:38,680 INFO m.WDListener [WDListener.java:104] start method click
2023-11-04 10:30:38,769 INFO m.WDListener [WDListener.java:110] done method click
2023-11-04 10:30:38,771 INFO m.BaseHelper [BaseHelper.java:22] search element by locator: By.xpath: //input[@placeholder='Name']
2023-11-04 10:30:38,772 INFO m.WDListener [WDListener.java:92] before find element: By.xpath: //input[@placeholder='Name']
2023-11-04 10:30:38,798 INFO m.WDListener [WDListener.java:98] element found success: By.xpath: //input[@placeholder='Name']
2023-11-04 10:30:38,799 INFO m.WDListener [WDListener.java:104] start method click
2023-11-04 10:30:38,881 INFO m.WDListener [WDListener.java:110] done method click
2023-11-04 10:30:38,975 INFO m.BaseHelper [BaseHelper.java:22] search element by locator: By.xpath: //input[@placeholder='Last Name']
2023-11-04 10:30:38,976 INFO m.WDListener [WDListener.java:92] before find element: By.xpath: //input[@placeholder='Last Name']
2023-11-04 10:30:38,996 INFO m.WDListener [WDListener.java:98] element found success: By.xpath: //input[@placeholder='Last Name']
2023-11-04 10:30:38,997 INFO m.WDListener [WDListener.java:104] start method click
2023-11-04 10:30:39,094 INFO m.WDListener [WDListener.java:110] done method click
2023-11-04 10:30:39,224 INFO m.BaseHelper [BaseHelper.java:22] search element by locator: By.xpath: //input[@placeholder='Phone']
2023-11-04 10:30:39,225 INFO m.WDListener [WDListener.java:92] before find element: By.xpath: //input[@placeholder='Phone']
2023-11-04 10:30:39,260 INFO m.WDListener [WDListener.java:98] element found success: By.xpath: //input[@placeholder='Phone']
2023-11-04 10:30:39,261 INFO m.WDListener [WDListener.java:104] start method click
2023-11-04 10:30:39,349 INFO m.WDListener [WDListener.java:110] done method click
2023-11-04 10:30:39,474 INFO m.BaseHelper [BaseHelper.java:22] search element by locator: By.xpath: //input[@placeholder='email']
2023-11-04 10:30:39,476 INFO m.WDListener [WDListener.java:92] before find element: By.xpath: //input[@placeholder='email']
2023-11-04 10:30:39,510 INFO m.WDListener [WDListener.java:98] element found success: By.xpath: //input[@placeholder='email']
2023-11-04 10:30:39,510 INFO m.WDListener [WDListener.java:104] start method click
2023-11-04 10:30:39,567 INFO m.WDListener [WDListener.java:110] done method click
2023-11-04 10:30:39,778 INFO m.BaseHelper [BaseHelper.java:22] search element by locator: By.xpath: //input[@placeholder='Address']
2023-11-04 10:30:39,780 INFO m.WDListener [WDListener.java:92] before find element: By.xpath: //input[@placeholder='Address']
2023-11-04 10:30:39,818 INFO m.WDListener [WDListener.java:98] element found success: By.xpath: //input[@placeholder='Address']
2023-11-04 10:30:39,819 INFO m.WDListener [WDListener.java:104] start method click
2023-11-04 10:30:39,879 INFO m.WDListener [WDListener.java:110] done method click
2023-11-04 10:30:39,977 INFO m.BaseHelper [BaseHelper.java:22] search element by locator: By.xpath: //input[@placeholder='description']
2023-11-04 10:30:39,977 INFO m.WDListener [WDListener.java:92] before find element: By.xpath: //input[@placeholder='description']
2023-11-04 10:30:40,019 INFO m.WDListener [WDListener.java:98] element found success: By.xpath: //input[@placeholder='description']
2023-11-04 10:30:40,019 INFO m.WDListener [WDListener.java:104] start method click
2023-11-04 10:30:40,104 INFO m.WDListener [WDListener.java:110] done method click
2023-11-04 10:30:40,209 INFO m.BaseHelper [BaseHelper.java:22] search element by locator: By.xpath: //button/b
2023-11-04 10:30:40,209 INFO m.WDListener [WDListener.java:92] before find element: By.xpath: //button/b
2023-11-04 10:30:40,239 INFO m.WDListener [WDListener.java:98] element found success: By.xpath: //button/b
2023-11-04 10:30:40,240 INFO m.WDListener [WDListener.java:104] start method click
2023-11-04 10:30:40,314 INFO m.WDListener [WDListener.java:110] done method click
2023-11-04 10:30:40,316 INFO m.BaseHelper [BaseHelper.java:22] search element by locator: By.xpath: //h3[contains(text(), '987224811244']
2023-11-04 10:30:40,316 INFO m.WDListener [WDListener.java:92] before find element: By.xpath: //h3[contains(text(), '987224811244']
2023-11-04 10:30:40,358 INFO m.WDListener [WDListener.java:148] start on exception in WDListener class
2023-11-04 10:30:40,358 INFO m.WDListener [WDListener.java:150] created name for the screenshot: src/test/screenshots/screenshot-2023-11-04_10_30_40.png
2023-11-04 10:30:40,358 ERROR m.WDListener [WDListener.java:151] invalid selector: Unable to locate an element with the xpath expression //h3[contains(text(), '987224811244'] because of the following error:
SyntaxError: Failed to execute 'evaluate' on 'Document': The string '//h3[contains(text(), '987224811244']' is not a valid XPath expression.
  (Session info: chrome=118.0.5993.120)
For documentation on this error, please visit: https://www.seleniumhq.org/exceptions/invalid_selector_exception.html
Build info: version: '3.141.59', revision: 'e82be7d358', time: '2018-11-14T08:17:03'
System info: host: 'LAPTOP-259RB9PK', ip: '192.168.1.58', os.name: 'Windows 11', os.arch: 'amd64', os.version: '10.0', java.version: '1.8.0_333'
Driver info: org.openqa.selenium.chrome.ChromeDriver
Capabilities {acceptInsecureCerts: false, browserName: chrome, browserVersion: 118.0.5993.120, chrome: {chromedriverVersion: 118.0.5993.70 (e52f33f30b91..., userDataDir: C:\Users\lzhol\AppData\Loca...}, fedcm:accounts: true, goog:chromeOptions: {debuggerAddress: localhost:62642}, javascriptEnabled: true, networkConnectionEnabled: false, pageLoadStrategy: normal, platform: WINDOWS, platformName: WINDOWS, proxy: Proxy(), setWindowRect: true, strictFileInteractability: false, timeouts: {implicit: 0, pageLoad: 300000, script: 30000}, unhandledPromptBehavior: dismiss and notify, webauthn:extension:credBlob: true, webauthn:extension:largeBlob: true, webauthn:extension:minPinLength: true, webauthn:extension:prf: true, webauthn:virtualAuthenticators: true}
Session ID: 4b5ea8f7862dbddcd0973893c9f3bbf5
*** Element info: {Using=xpath, value=//h3[contains(text(), '987224811244']}
2023-11-04 10:30:40,358 ERROR m.WDListener [WDListener.java:152] [sun.reflect.NativeConstructorAccessorImpl.newInstance0(Native Method), sun.reflect.NativeConstructorAccessorImpl.newInstance(NativeConstructorAccessorImpl.java:62), sun.reflect.DelegatingConstructorAccessorImpl.newInstance(DelegatingConstructorAccessorImpl.java:45), java.lang.reflect.Constructor.newInstance(Constructor.java:423), org.openqa.selenium.remote.http.W3CHttpResponseCodec.createException(W3CHttpResponseCodec.java:187), org.openqa.selenium.remote.http.W3CHttpResponseCodec.decode(W3CHttpResponseCodec.java:122), org.openqa.selenium.remote.http.W3CHttpResponseCodec.decode(W3CHttpResponseCodec.java:49), org.openqa.selenium.remote.HttpCommandExecutor.execute(HttpCommandExecutor.java:158), org.openqa.selenium.remote.service.DriverCommandExecutor.execute(DriverCommandExecutor.java:83), org.openqa.selenium.remote.RemoteWebDriver.execute(RemoteWebDriver.java:552), org.openqa.selenium.remote.RemoteWebDriver.findElement(RemoteWebDriver.java:323), org.openqa.selenium.remote.RemoteWebDriver.findElementByXPath(RemoteWebDriver.java:428), org.openqa.selenium.By$ByXPath.findElement(By.java:353), org.openqa.selenium.remote.RemoteWebDriver.findElement(RemoteWebDriver.java:315), sun.reflect.NativeMethodAccessorImpl.invoke0(Native Method), sun.reflect.NativeMethodAccessorImpl.invoke(NativeMethodAccessorImpl.java:62), sun.reflect.DelegatingMethodAccessorImpl.invoke(DelegatingMethodAccessorImpl.java:43), java.lang.reflect.Method.invoke(Method.java:498), org.openqa.selenium.support.events.EventFiringWebDriver.lambda$new$1(EventFiringWebDriver.java:105), com.sun.proxy.$Proxy16.findElement(Unknown Source), org.openqa.selenium.support.events.EventFiringWebDriver.findElement(EventFiringWebDriver.java:194), manager.BaseHelper.findElementBase(BaseHelper.java:24), manager.BaseHelper.clickBase(BaseHelper.java:33), manager.ContactHelper.openContactInfoByPhone(ContactHelper.java:49), tests.DeleteContactTests.deleteCreatedContactPositive(DeleteContactTests.java:39), sun.reflect.NativeMethodAccessorImpl.invoke0(Native Method), sun.reflect.NativeMethodAccessorImpl.invoke(NativeMethodAccessorImpl.java:62), sun.reflect.DelegatingMethodAccessorImpl.invoke(DelegatingMethodAccessorImpl.java:43), java.lang.reflect.Method.invoke(Method.java:498), org.testng.internal.MethodInvocationHelper.invokeMethod(MethodInvocationHelper.java:133), org.testng.internal.TestInvoker.invokeMethod(TestInvoker.java:598), org.testng.internal.TestInvoker.invokeTestMethod(TestInvoker.java:173), org.testng.internal.MethodRunner.runInSequence(MethodRunner.java:46), org.testng.internal.TestInvoker$MethodInvocationAgent.invoke(TestInvoker.java:824), org.testng.internal.TestInvoker.invokeTestMethods(TestInvoker.java:146), org.testng.internal.TestMethodWorker.invokeTestMethods(TestMethodWorker.java:146), org.testng.internal.TestMethodWorker.run(TestMethodWorker.java:128), java.util.ArrayList.forEach(ArrayList.java:1259), org.testng.TestRunner.privateRun(TestRunner.java:794), org.testng.TestRunner.run(TestRunner.java:596), org.testng.SuiteRunner.runTest(SuiteRunner.java:377), org.testng.SuiteRunner.runSequentially(SuiteRunner.java:371), org.testng.SuiteRunner.privateRun(SuiteRunner.java:332), org.testng.SuiteRunner.run(SuiteRunner.java:276), org.testng.SuiteRunnerWorker.runSuite(SuiteRunnerWorker.java:53), org.testng.SuiteRunnerWorker.run(SuiteRunnerWorker.java:96), org.testng.TestNG.runSuitesSequentially(TestNG.java:1212), org.testng.TestNG.runSuitesLocally(TestNG.java:1134), org.testng.TestNG.runSuites(TestNG.java:1063), org.testng.TestNG.run(TestNG.java:1031), org.gradle.api.internal.tasks.testing.testng.TestNGTestClassProcessor.runTests(TestNGTestClassProcessor.java:141), org.gradle.api.internal.tasks.testing.testng.TestNGTestClassProcessor.stop(TestNGTestClassProcessor.java:90), org.gradle.api.internal.tasks.testing.SuiteTestClassProcessor.stop(SuiteTestClassProcessor.java:61), sun.reflect.NativeMethodAccessorImpl.invoke0(Native Method), sun.reflect.NativeMethodAccessorImpl.invoke(NativeMethodAccessorImpl.java:62), sun.reflect.DelegatingMethodAccessorImpl.invoke(DelegatingMethodAccessorImpl.java:43), java.lang.reflect.Method.invoke(Method.java:498), org.gradle.internal.dispatch.ReflectionDispatch.dispatch(ReflectionDispatch.java:36), org.gradle.internal.dispatch.ReflectionDispatch.dispatch(ReflectionDispatch.java:24), org.gradle.internal.dispatch.ContextClassLoaderDispatch.dispatch(ContextClassLoaderDispatch.java:33), org.gradle.internal.dispatch.ProxyDispatchAdapter$DispatchingInvocationHandler.invoke(ProxyDispatchAdapter.java:94), com.sun.proxy.$Proxy2.stop(Unknown Source), org.gradle.api.internal.tasks.testing.worker.TestWorker$3.run(TestWorker.java:193), org.gradle.api.internal.tasks.testing.worker.TestWorker.executeAndMaintainThreadName(TestWorker.java:129), org.gradle.api.internal.tasks.testing.worker.TestWorker.execute(TestWorker.java:100), org.gradle.api.internal.tasks.testing.worker.TestWorker.execute(TestWorker.java:60), org.gradle.process.internal.worker.child.ActionExecutionWorker.execute(ActionExecutionWorker.java:56), org.gradle.process.internal.worker.child.SystemApplicationClassLoaderWorker.call(SystemApplicationClassLoaderWorker.java:133), org.gradle.process.internal.worker.child.SystemApplicationClassLoaderWorker.call(SystemApplicationClassLoaderWorker.java:71), worker.org.gradle.process.internal.worker.GradleWorkerMain.run(GradleWorkerMain.java:69), worker.org.gradle.process.internal.worker.GradleWorkerMain.main(GradleWorkerMain.java:74)]
2023-11-04 10:30:40,358 ERROR m.WDListener [WDListener.java:153] org.openqa.selenium.InvalidSelectorException: invalid selector: Unable to locate an element with the xpath expression //h3[contains(text(), '987224811244'] because of the following error:
SyntaxError: Failed to execute 'evaluate' on 'Document': The string '//h3[contains(text(), '987224811244']' is not a valid XPath expression.
  (Session info: chrome=118.0.5993.120)
For documentation on this error, please visit: https://www.seleniumhq.org/exceptions/invalid_selector_exception.html
Build info: version: '3.141.59', revision: 'e82be7d358', time: '2018-11-14T08:17:03'
System info: host: 'LAPTOP-259RB9PK', ip: '192.168.1.58', os.name: 'Windows 11', os.arch: 'amd64', os.version: '10.0', java.version: '1.8.0_333'
Driver info: org.openqa.selenium.chrome.ChromeDriver
Capabilities {acceptInsecureCerts: false, browserName: chrome, browserVersion: 118.0.5993.120, chrome: {chromedriverVersion: 118.0.5993.70 (e52f33f30b91..., userDataDir: C:\Users\lzhol\AppData\Loca...}, fedcm:accounts: true, goog:chromeOptions: {debuggerAddress: localhost:62642}, javascriptEnabled: true, networkConnectionEnabled: false, pageLoadStrategy: normal, platform: WINDOWS, platformName: WINDOWS, proxy: Proxy(), setWindowRect: true, strictFileInteractability: false, timeouts: {implicit: 0, pageLoad: 300000, script: 30000}, unhandledPromptBehavior: dismiss and notify, webauthn:extension:credBlob: true, webauthn:extension:largeBlob: true, webauthn:extension:minPinLength: true, webauthn:extension:prf: true, webauthn:virtualAuthenticators: true}
Session ID: 4b5ea8f7862dbddcd0973893c9f3bbf5
*** Element info: {Using=xpath, value=//h3[contains(text(), '987224811244']}
2023-11-04 10:30:41,048 INFO m.TestNGListener [TestNGListener.java:27] test failure: deleteCreatedContactPositive
2023-11-04 10:30:41,050 INFO t.BaseTests [BaseTests.java:54] stopped method: deleteCreatedContactPositive
2023-11-04 10:30:41,050 INFO t.BaseTests [BaseTests.java:55] stopped method with params: []
2023-11-04 10:30:41,054 INFO m.BaseHelper [BaseHelper.java:22] search element by locator: By.xpath: //button[text()='Sign Out']
2023-11-04 10:30:41,054 INFO m.WDListener [WDListener.java:92] before find element: By.xpath: //button[text()='Sign Out']
2023-11-04 10:30:41,100 INFO m.WDListener [WDListener.java:98] element found success: By.xpath: //button[text()='Sign Out']
2023-11-04 10:30:41,100 INFO m.WDListener [WDListener.java:104] start method click
2023-11-04 10:30:41,180 INFO m.WDListener [WDListener.java:110] done method click
2023-11-04 10:30:41,692 INFO m.TestNGListener [TestNGListener.java:56] all code executed: passed tests: [ResultMap map=[]]
2023-11-04 10:30:41,692 INFO m.TestNGListener [TestNGListener.java:57] all code executed: failed tests: [ResultMap map=[[TestResult name=deleteCreatedContactPositive status=FAILURE method=DeleteContactTests.deleteCreatedContactPositive()[pri:0, instance:tests.DeleteContactTests@662b4c69] output={null}]]]
