2023-10-24 19:19:28,477 INFO m.ApplicationManager [ApplicationManager.java:31] created chrome browser
2023-10-24 19:19:29,747 INFO m.ApplicationManager [ApplicationManager.java:38] open page: https://telranedu.web.app/home
2023-10-24 19:19:30,148 INFO m.TestNGListener [TestNGListener.java:50] start test - onstart - : smoke
2023-10-24 19:19:30,227 INFO t.BaseTests [BaseTests.java:30] ----------------------------------------------------------------------------------
2023-10-24 19:19:30,228 INFO t.BaseTests [BaseTests.java:31] started method: negativeWrongPasswordNoDigits
2023-10-24 19:19:30,228 INFO t.BaseTests [BaseTests.java:32] started method with params: []
2023-10-24 19:19:30,494 INFO m.TestNGListener [TestNGListener.java:15] started test: negativeWrongPasswordNoDigits
2023-10-24 19:19:30,499 INFO m.BaseHelper [BaseHelper.java:22] search element by locator: By.xpath: //input[@name='email']
2023-10-24 19:19:30,500 INFO m.WDListener [WDListener.java:92] before find element: By.xpath: //input[@name='email']
2023-10-24 19:20:13,276 INFO m.WDListener [WDListener.java:148] start on exception in WDListener class
2023-10-24 19:20:13,280 INFO m.WDListener [WDListener.java:150] created name for the screenshot: src/test/screenshots/screenshot-2023-10-24_19_20_13.png
2023-10-24 19:20:13,282 ERROR m.WDListener [WDListener.java:151] disconnected: received Inspector.detached event
  (failed to check if window was closed: disconnected: Unable to receive message from renderer)
  (Session info: chrome=118.0.5993.89)
Build info: version: '3.141.59', revision: 'e82be7d358', time: '2018-11-14T08:17:03'
System info: host: 'LAPTOP-259RB9PK', ip: '192.168.1.58', os.name: 'Windows 11', os.arch: 'amd64', os.version: '10.0', java.version: '1.8.0_333'
Driver info: org.openqa.selenium.chrome.ChromeDriver
Capabilities {acceptInsecureCerts: false, browserName: chrome, browserVersion: 118.0.5993.89, chrome: {chromedriverVersion: 118.0.5993.70 (e52f33f30b91..., userDataDir: C:\Users\lzhol\AppData\Loca...}, fedcm:accounts: true, goog:chromeOptions: {debuggerAddress: localhost:63312}, javascriptEnabled: true, networkConnectionEnabled: false, pageLoadStrategy: normal, platform: WINDOWS, platformName: WINDOWS, proxy: Proxy(), setWindowRect: true, strictFileInteractability: false, timeouts: {implicit: 0, pageLoad: 300000, script: 30000}, unhandledPromptBehavior: dismiss and notify, webauthn:extension:credBlob: true, webauthn:extension:largeBlob: true, webauthn:extension:minPinLength: true, webauthn:extension:prf: true, webauthn:virtualAuthenticators: true}
Session ID: 6ffa8c284f884f4b788bb57a63dc7b47
*** Element info: {Using=xpath, value=//input[@name='email']}
2023-10-24 19:20:13,283 ERROR m.WDListener [WDListener.java:152] [sun.reflect.NativeConstructorAccessorImpl.newInstance0(Native Method), sun.reflect.NativeConstructorAccessorImpl.newInstance(NativeConstructorAccessorImpl.java:62), sun.reflect.DelegatingConstructorAccessorImpl.newInstance(DelegatingConstructorAccessorImpl.java:45), java.lang.reflect.Constructor.newInstance(Constructor.java:423), org.openqa.selenium.remote.http.W3CHttpResponseCodec.createException(W3CHttpResponseCodec.java:187), org.openqa.selenium.remote.http.W3CHttpResponseCodec.decode(W3CHttpResponseCodec.java:122), org.openqa.selenium.remote.http.W3CHttpResponseCodec.decode(W3CHttpResponseCodec.java:49), org.openqa.selenium.remote.HttpCommandExecutor.execute(HttpCommandExecutor.java:158), org.openqa.selenium.remote.service.DriverCommandExecutor.execute(DriverCommandExecutor.java:83), org.openqa.selenium.remote.RemoteWebDriver.execute(RemoteWebDriver.java:552), org.openqa.selenium.remote.RemoteWebDriver.findElement(RemoteWebDriver.java:323), org.openqa.selenium.remote.RemoteWebDriver.findElementByXPath(RemoteWebDriver.java:428), org.openqa.selenium.By$ByXPath.findElement(By.java:353), org.openqa.selenium.remote.RemoteWebDriver.findElement(RemoteWebDriver.java:315), sun.reflect.NativeMethodAccessorImpl.invoke0(Native Method), sun.reflect.NativeMethodAccessorImpl.invoke(NativeMethodAccessorImpl.java:62), sun.reflect.DelegatingMethodAccessorImpl.invoke(DelegatingMethodAccessorImpl.java:43), java.lang.reflect.Method.invoke(Method.java:498), org.openqa.selenium.support.events.EventFiringWebDriver.lambda$new$1(EventFiringWebDriver.java:105), com.sun.proxy.$Proxy14.findElement(Unknown Source), org.openqa.selenium.support.events.EventFiringWebDriver.findElement(EventFiringWebDriver.java:194), manager.BaseHelper.findElementBase(BaseHelper.java:24), manager.BaseHelper.typeTextBase(BaseHelper.java:43), manager.UserHelper.fillLoginUserDtoLombok(UserHelper.java:44), tests.LoginTests.negativeWrongPasswordNoDigits(LoginTests.java:109), sun.reflect.NativeMethodAccessorImpl.invoke0(Native Method), sun.reflect.NativeMethodAccessorImpl.invoke(NativeMethodAccessorImpl.java:62), sun.reflect.DelegatingMethodAccessorImpl.invoke(DelegatingMethodAccessorImpl.java:43), java.lang.reflect.Method.invoke(Method.java:498), org.testng.internal.MethodInvocationHelper.invokeMethod(MethodInvocationHelper.java:133), org.testng.internal.TestInvoker.invokeMethod(TestInvoker.java:598), org.testng.internal.TestInvoker.invokeTestMethod(TestInvoker.java:173), org.testng.internal.MethodRunner.runInSequence(MethodRunner.java:46), org.testng.internal.TestInvoker$MethodInvocationAgent.invoke(TestInvoker.java:824), org.testng.internal.TestInvoker.invokeTestMethods(TestInvoker.java:146), org.testng.internal.TestMethodWorker.invokeTestMethods(TestMethodWorker.java:146), org.testng.internal.TestMethodWorker.run(TestMethodWorker.java:128), java.util.ArrayList.forEach(ArrayList.java:1259), org.testng.TestRunner.privateRun(TestRunner.java:794), org.testng.TestRunner.run(TestRunner.java:596), org.testng.SuiteRunner.runTest(SuiteRunner.java:377), org.testng.SuiteRunner.runSequentially(SuiteRunner.java:371), org.testng.SuiteRunner.privateRun(SuiteRunner.java:332), org.testng.SuiteRunner.run(SuiteRunner.java:276), org.testng.SuiteRunnerWorker.runSuite(SuiteRunnerWorker.java:53), org.testng.SuiteRunnerWorker.run(SuiteRunnerWorker.java:96), org.testng.TestNG.runSuitesSequentially(TestNG.java:1212), org.testng.TestNG.runSuitesLocally(TestNG.java:1134), org.testng.TestNG.runSuites(TestNG.java:1063), org.testng.TestNG.run(TestNG.java:1031), org.gradle.api.internal.tasks.testing.testng.TestNGTestClassProcessor.runTests(TestNGTestClassProcessor.java:141), org.gradle.api.internal.tasks.testing.testng.TestNGTestClassProcessor.stop(TestNGTestClassProcessor.java:90), org.gradle.api.internal.tasks.testing.SuiteTestClassProcessor.stop(SuiteTestClassProcessor.java:61), sun.reflect.NativeMethodAccessorImpl.invoke0(Native Method), sun.reflect.NativeMethodAccessorImpl.invoke(NativeMethodAccessorImpl.java:62), sun.reflect.DelegatingMethodAccessorImpl.invoke(DelegatingMethodAccessorImpl.java:43), java.lang.reflect.Method.invoke(Method.java:498), org.gradle.internal.dispatch.ReflectionDispatch.dispatch(ReflectionDispatch.java:36), org.gradle.internal.dispatch.ReflectionDispatch.dispatch(ReflectionDispatch.java:24), org.gradle.internal.dispatch.ContextClassLoaderDispatch.dispatch(ContextClassLoaderDispatch.java:33), org.gradle.internal.dispatch.ProxyDispatchAdapter$DispatchingInvocationHandler.invoke(ProxyDispatchAdapter.java:94), com.sun.proxy.$Proxy2.stop(Unknown Source), org.gradle.api.internal.tasks.testing.worker.TestWorker$3.run(TestWorker.java:193), org.gradle.api.internal.tasks.testing.worker.TestWorker.executeAndMaintainThreadName(TestWorker.java:129), org.gradle.api.internal.tasks.testing.worker.TestWorker.execute(TestWorker.java:100), org.gradle.api.internal.tasks.testing.worker.TestWorker.execute(TestWorker.java:60), org.gradle.process.internal.worker.child.ActionExecutionWorker.execute(ActionExecutionWorker.java:56), org.gradle.process.internal.worker.child.SystemApplicationClassLoaderWorker.call(SystemApplicationClassLoaderWorker.java:133), org.gradle.process.internal.worker.child.SystemApplicationClassLoaderWorker.call(SystemApplicationClassLoaderWorker.java:71), worker.org.gradle.process.internal.worker.GradleWorkerMain.run(GradleWorkerMain.java:69), worker.org.gradle.process.internal.worker.GradleWorkerMain.main(GradleWorkerMain.java:74)]
2023-10-24 19:20:13,284 ERROR m.WDListener [WDListener.java:153] org.openqa.selenium.WebDriverException: disconnected: received Inspector.detached event
  (failed to check if window was closed: disconnected: Unable to receive message from renderer)
  (Session info: chrome=118.0.5993.89)
Build info: version: '3.141.59', revision: 'e82be7d358', time: '2018-11-14T08:17:03'
System info: host: 'LAPTOP-259RB9PK', ip: '192.168.1.58', os.name: 'Windows 11', os.arch: 'amd64', os.version: '10.0', java.version: '1.8.0_333'
Driver info: org.openqa.selenium.chrome.ChromeDriver
Capabilities {acceptInsecureCerts: false, browserName: chrome, browserVersion: 118.0.5993.89, chrome: {chromedriverVersion: 118.0.5993.70 (e52f33f30b91..., userDataDir: C:\Users\lzhol\AppData\Loca...}, fedcm:accounts: true, goog:chromeOptions: {debuggerAddress: localhost:63312}, javascriptEnabled: true, networkConnectionEnabled: false, pageLoadStrategy: normal, platform: WINDOWS, platformName: WINDOWS, proxy: Proxy(), setWindowRect: true, strictFileInteractability: false, timeouts: {implicit: 0, pageLoad: 300000, script: 30000}, unhandledPromptBehavior: dismiss and notify, webauthn:extension:credBlob: true, webauthn:extension:largeBlob: true, webauthn:extension:minPinLength: true, webauthn:extension:prf: true, webauthn:virtualAuthenticators: true}
Session ID: 6ffa8c284f884f4b788bb57a63dc7b47
*** Element info: {Using=xpath, value=//input[@name='email']}
2023-10-24 19:20:13,387 INFO m.TestNGListener [TestNGListener.java:27] test failure: negativeWrongPasswordNoDigits
2023-10-24 19:20:13,388 INFO t.BaseTests [BaseTests.java:37] stopped method: negativeWrongPasswordNoDigits
2023-10-24 19:20:13,390 INFO t.BaseTests [BaseTests.java:38] stopped method with params: []
2023-10-24 19:20:13,393 INFO t.BaseTests [BaseTests.java:30] ----------------------------------------------------------------------------------
2023-10-24 19:20:13,394 INFO t.BaseTests [BaseTests.java:31] started method: negativeWrongPasswordNoLetters
2023-10-24 19:20:13,394 INFO t.BaseTests [BaseTests.java:32] started method with params: []
2023-10-24 19:20:13,407 INFO m.TestNGListener [TestNGListener.java:15] started test: negativeWrongPasswordNoLetters
2023-10-24 19:20:13,409 INFO m.TestNGListener [TestNGListener.java:33] test skipped: negativeWrongPasswordNoLetters
2023-10-24 19:20:13,410 INFO t.BaseTests [BaseTests.java:37] stopped method: negativeWrongPasswordNoLetters
2023-10-24 19:20:13,411 INFO t.BaseTests [BaseTests.java:38] stopped method with params: []
2023-10-24 19:20:13,413 INFO t.BaseTests [BaseTests.java:30] ----------------------------------------------------------------------------------
2023-10-24 19:20:13,414 INFO t.BaseTests [BaseTests.java:31] started method: negativeWrongPasswordWrongSymbol
2023-10-24 19:20:13,414 INFO t.BaseTests [BaseTests.java:32] started method with params: []
2023-10-24 19:20:13,416 INFO m.TestNGListener [TestNGListener.java:15] started test: negativeWrongPasswordWrongSymbol
2023-10-24 19:20:13,417 INFO m.TestNGListener [TestNGListener.java:33] test skipped: negativeWrongPasswordWrongSymbol
2023-10-24 19:20:13,418 INFO t.BaseTests [BaseTests.java:37] stopped method: negativeWrongPasswordWrongSymbol
2023-10-24 19:20:13,419 INFO t.BaseTests [BaseTests.java:38] stopped method with params: []
2023-10-24 19:20:13,423 INFO t.BaseTests [BaseTests.java:30] ----------------------------------------------------------------------------------
2023-10-24 19:20:13,427 INFO t.BaseTests [BaseTests.java:31] started method: positiveLoginUserDto
2023-10-24 19:20:13,428 INFO t.BaseTests [BaseTests.java:32] started method with params: []
2023-10-24 19:20:13,430 INFO m.TestNGListener [TestNGListener.java:15] started test: positiveLoginUserDto
2023-10-24 19:20:13,431 INFO m.TestNGListener [TestNGListener.java:33] test skipped: positiveLoginUserDto
2023-10-24 19:20:13,433 INFO t.BaseTests [BaseTests.java:37] stopped method: positiveLoginUserDto
2023-10-24 19:20:13,434 INFO t.BaseTests [BaseTests.java:38] stopped method with params: []
2023-10-24 19:20:13,437 INFO t.BaseTests [BaseTests.java:30] ----------------------------------------------------------------------------------
2023-10-24 19:20:13,438 INFO t.BaseTests [BaseTests.java:31] started method: positiveLoginUserDtoLombok
2023-10-24 19:20:13,438 INFO t.BaseTests [BaseTests.java:32] started method with params: []
2023-10-24 19:20:13,440 INFO m.TestNGListener [TestNGListener.java:15] started test: positiveLoginUserDtoLombok
2023-10-24 19:20:13,441 INFO m.TestNGListener [TestNGListener.java:33] test skipped: positiveLoginUserDtoLombok
2023-10-24 19:20:13,442 INFO t.BaseTests [BaseTests.java:37] stopped method: positiveLoginUserDtoLombok
2023-10-24 19:20:13,443 INFO t.BaseTests [BaseTests.java:38] stopped method with params: []
2023-10-24 19:20:13,446 INFO t.BaseTests [BaseTests.java:30] ----------------------------------------------------------------------------------
2023-10-24 19:20:13,451 INFO t.BaseTests [BaseTests.java:31] started method: positiveLoginUserDtoWith
2023-10-24 19:20:13,452 INFO t.BaseTests [BaseTests.java:32] started method with params: []
2023-10-24 19:20:13,454 INFO m.TestNGListener [TestNGListener.java:15] started test: positiveLoginUserDtoWith
2023-10-24 19:20:13,454 INFO m.TestNGListener [TestNGListener.java:33] test skipped: positiveLoginUserDtoWith
2023-10-24 19:20:13,460 INFO t.BaseTests [BaseTests.java:37] stopped method: positiveLoginUserDtoWith
2023-10-24 19:20:13,462 INFO t.BaseTests [BaseTests.java:38] stopped method with params: []
2023-10-24 19:20:13,471 INFO m.TestNGListener [TestNGListener.java:56] all code executed: passed tests: [ResultMap map=[]]
2023-10-24 19:20:13,472 INFO m.TestNGListener [TestNGListener.java:57] all code executed: failed tests: [ResultMap map=[[TestResult name=negativeWrongPasswordNoDigits status=FAILURE method=LoginTests.negativeWrongPasswordNoDigits()[pri:0, instance:tests.LoginTests@f736069] output={null}]]]
